DEBUT
Sun Dec 11 18:32:23 CET 2022
execution sur 24 coeurs
sur les nodes n-in37 n-in37 n-in37 n-in37 n-in37 n-in37 n-in37 n-in37 n-in37 n-in37 n-in37 n-in37 n-in37 n-in37 n-in37 n-in37 n-in37 n-in37 n-in37 n-in37 n-in37 n-in37 n-in37 n-in37
+ '[' -f /home/gext/abhishek.purandare/ue3/ParallelProgrammingCourse/TPs/ParallelProgrammingTP/bin/spmv_mpi.exe ']'
+ '[' -f ']'
+ for np in 1 2 4 8 12 16 24
+ for nx in 50 100 150 200
+ /softs/mpi/openmpi-4.0.1/gcc-7.3.0/bin/mpirun -np 1 /home/gext/abhishek.purandare/ue3/ParallelProgrammingCourse/TPs/ParallelProgrammingTP/bin/spmv_mpi.exe --nx 50
--------------------------------------------------------------------------
By default, for Open MPI 4.0 and later, infiniband ports on a device
are not used by default.  The intent is to use UCX for these devices.
You can override this policy by setting the btl_openib_allow_ib MCA parameter
to true.

  Local host:              n-in37
  Local adapter:           mlx4_0
  Local port:              1

--------------------------------------------------------------------------
--------------------------------------------------------------------------
WARNING: There was an error initializing an OpenFabrics device.

  Local host:   n-in37
  Local device: mlx4_0
--------------------------------------------------------------------------
+ for nx in 50 100 150 200
+ /softs/mpi/openmpi-4.0.1/gcc-7.3.0/bin/mpirun -np 1 /home/gext/abhishek.purandare/ue3/ParallelProgrammingCourse/TPs/ParallelProgrammingTP/bin/spmv_mpi.exe --nx 100
--------------------------------------------------------------------------
By default, for Open MPI 4.0 and later, infiniband ports on a device
are not used by default.  The intent is to use UCX for these devices.
You can override this policy by setting the btl_openib_allow_ib MCA parameter
to true.

  Local host:              n-in37
  Local adapter:           mlx4_0
  Local port:              1

--------------------------------------------------------------------------
--------------------------------------------------------------------------
WARNING: There was an error initializing an OpenFabrics device.

  Local host:   n-in37
  Local device: mlx4_0
--------------------------------------------------------------------------
+ for nx in 50 100 150 200
+ /softs/mpi/openmpi-4.0.1/gcc-7.3.0/bin/mpirun -np 1 /home/gext/abhishek.purandare/ue3/ParallelProgrammingCourse/TPs/ParallelProgrammingTP/bin/spmv_mpi.exe --nx 150
--------------------------------------------------------------------------
By default, for Open MPI 4.0 and later, infiniband ports on a device
are not used by default.  The intent is to use UCX for these devices.
You can override this policy by setting the btl_openib_allow_ib MCA parameter
to true.

  Local host:              n-in37
  Local adapter:           mlx4_0
  Local port:              1

--------------------------------------------------------------------------
--------------------------------------------------------------------------
WARNING: There was an error initializing an OpenFabrics device.

  Local host:   n-in37
  Local device: mlx4_0
--------------------------------------------------------------------------
+ for nx in 50 100 150 200
+ /softs/mpi/openmpi-4.0.1/gcc-7.3.0/bin/mpirun -np 1 /home/gext/abhishek.purandare/ue3/ParallelProgrammingCourse/TPs/ParallelProgrammingTP/bin/spmv_mpi.exe --nx 200
--------------------------------------------------------------------------
By default, for Open MPI 4.0 and later, infiniband ports on a device
are not used by default.  The intent is to use UCX for these devices.
You can override this policy by setting the btl_openib_allow_ib MCA parameter
to true.

  Local host:              n-in37
  Local adapter:           mlx4_0
  Local port:              1

--------------------------------------------------------------------------
--------------------------------------------------------------------------
WARNING: There was an error initializing an OpenFabrics device.

  Local host:   n-in37
  Local device: mlx4_0
--------------------------------------------------------------------------
+ for np in 1 2 4 8 12 16 24
+ for nx in 50 100 150 200
+ /softs/mpi/openmpi-4.0.1/gcc-7.3.0/bin/mpirun -np 2 /home/gext/abhishek.purandare/ue3/ParallelProgrammingCourse/TPs/ParallelProgrammingTP/bin/spmv_mpi.exe --nx 50
--------------------------------------------------------------------------
By default, for Open MPI 4.0 and later, infiniband ports on a device
are not used by default.  The intent is to use UCX for these devices.
You can override this policy by setting the btl_openib_allow_ib MCA parameter
to true.

  Local host:              n-in37
  Local adapter:           mlx4_0
  Local port:              1

--------------------------------------------------------------------------
--------------------------------------------------------------------------
WARNING: There was an error initializing an OpenFabrics device.

  Local host:   n-in37
  Local device: mlx4_0
--------------------------------------------------------------------------
[n-in37:27960] 1 more process has sent help message help-mpi-btl-openib.txt / ib port not selected
[n-in37:27960] Set MCA parameter "orte_base_help_aggregate" to 0 to see all help / error messages
[n-in37:27960] 1 more process has sent help message help-mpi-btl-openib.txt / error in device init
+ for nx in 50 100 150 200
+ /softs/mpi/openmpi-4.0.1/gcc-7.3.0/bin/mpirun -np 2 /home/gext/abhishek.purandare/ue3/ParallelProgrammingCourse/TPs/ParallelProgrammingTP/bin/spmv_mpi.exe --nx 100
--------------------------------------------------------------------------
By default, for Open MPI 4.0 and later, infiniband ports on a device
are not used by default.  The intent is to use UCX for these devices.
You can override this policy by setting the btl_openib_allow_ib MCA parameter
to true.

  Local host:              n-in37
  Local adapter:           mlx4_0
  Local port:              1

--------------------------------------------------------------------------
--------------------------------------------------------------------------
WARNING: There was an error initializing an OpenFabrics device.

  Local host:   n-in37
  Local device: mlx4_0
--------------------------------------------------------------------------
[n-in37:27971] 1 more process has sent help message help-mpi-btl-openib.txt / ib port not selected
[n-in37:27971] Set MCA parameter "orte_base_help_aggregate" to 0 to see all help / error messages
[n-in37:27971] 1 more process has sent help message help-mpi-btl-openib.txt / error in device init
+ for nx in 50 100 150 200
+ /softs/mpi/openmpi-4.0.1/gcc-7.3.0/bin/mpirun -np 2 /home/gext/abhishek.purandare/ue3/ParallelProgrammingCourse/TPs/ParallelProgrammingTP/bin/spmv_mpi.exe --nx 150
--------------------------------------------------------------------------
By default, for Open MPI 4.0 and later, infiniband ports on a device
are not used by default.  The intent is to use UCX for these devices.
You can override this policy by setting the btl_openib_allow_ib MCA parameter
to true.

  Local host:              n-in37
  Local adapter:           mlx4_0
  Local port:              1

--------------------------------------------------------------------------
--------------------------------------------------------------------------
WARNING: There was an error initializing an OpenFabrics device.

  Local host:   n-in37
  Local device: mlx4_0
--------------------------------------------------------------------------
[n-in37:27982] 1 more process has sent help message help-mpi-btl-openib.txt / ib port not selected
[n-in37:27982] Set MCA parameter "orte_base_help_aggregate" to 0 to see all help / error messages
[n-in37:27982] 1 more process has sent help message help-mpi-btl-openib.txt / error in device init
+ for nx in 50 100 150 200
+ /softs/mpi/openmpi-4.0.1/gcc-7.3.0/bin/mpirun -np 2 /home/gext/abhishek.purandare/ue3/ParallelProgrammingCourse/TPs/ParallelProgrammingTP/bin/spmv_mpi.exe --nx 200
--------------------------------------------------------------------------
By default, for Open MPI 4.0 and later, infiniband ports on a device
are not used by default.  The intent is to use UCX for these devices.
You can override this policy by setting the btl_openib_allow_ib MCA parameter
to true.

  Local host:              n-in37
  Local adapter:           mlx4_0
  Local port:              1

--------------------------------------------------------------------------
--------------------------------------------------------------------------
WARNING: There was an error initializing an OpenFabrics device.

  Local host:   n-in37
  Local device: mlx4_0
--------------------------------------------------------------------------
[n-in37:27993] 1 more process has sent help message help-mpi-btl-openib.txt / ib port not selected
[n-in37:27993] Set MCA parameter "orte_base_help_aggregate" to 0 to see all help / error messages
[n-in37:27993] 1 more process has sent help message help-mpi-btl-openib.txt / error in device init
+ for np in 1 2 4 8 12 16 24
+ for nx in 50 100 150 200
+ /softs/mpi/openmpi-4.0.1/gcc-7.3.0/bin/mpirun -np 4 /home/gext/abhishek.purandare/ue3/ParallelProgrammingCourse/TPs/ParallelProgrammingTP/bin/spmv_mpi.exe --nx 50
--------------------------------------------------------------------------
By default, for Open MPI 4.0 and later, infiniband ports on a device
are not used by default.  The intent is to use UCX for these devices.
You can override this policy by setting the btl_openib_allow_ib MCA parameter
to true.

  Local host:              n-in37
  Local adapter:           mlx4_0
  Local port:              1

--------------------------------------------------------------------------
--------------------------------------------------------------------------
WARNING: There was an error initializing an OpenFabrics device.

  Local host:   n-in37
  Local device: mlx4_0
--------------------------------------------------------------------------
[n-in37:28004] 3 more processes have sent help message help-mpi-btl-openib.txt / ib port not selected
[n-in37:28004] Set MCA parameter "orte_base_help_aggregate" to 0 to see all help / error messages
[n-in37:28004] 3 more processes have sent help message help-mpi-btl-openib.txt / error in device init
+ for nx in 50 100 150 200
+ /softs/mpi/openmpi-4.0.1/gcc-7.3.0/bin/mpirun -np 4 /home/gext/abhishek.purandare/ue3/ParallelProgrammingCourse/TPs/ParallelProgrammingTP/bin/spmv_mpi.exe --nx 100
--------------------------------------------------------------------------
By default, for Open MPI 4.0 and later, infiniband ports on a device
are not used by default.  The intent is to use UCX for these devices.
You can override this policy by setting the btl_openib_allow_ib MCA parameter
to true.

  Local host:              n-in37
  Local adapter:           mlx4_0
  Local port:              1

--------------------------------------------------------------------------
--------------------------------------------------------------------------
WARNING: There was an error initializing an OpenFabrics device.

  Local host:   n-in37
  Local device: mlx4_0
--------------------------------------------------------------------------
[n-in37:28021] 3 more processes have sent help message help-mpi-btl-openib.txt / ib port not selected
[n-in37:28021] Set MCA parameter "orte_base_help_aggregate" to 0 to see all help / error messages
[n-in37:28021] 3 more processes have sent help message help-mpi-btl-openib.txt / error in device init
+ for nx in 50 100 150 200
+ /softs/mpi/openmpi-4.0.1/gcc-7.3.0/bin/mpirun -np 4 /home/gext/abhishek.purandare/ue3/ParallelProgrammingCourse/TPs/ParallelProgrammingTP/bin/spmv_mpi.exe --nx 150
--------------------------------------------------------------------------
By default, for Open MPI 4.0 and later, infiniband ports on a device
are not used by default.  The intent is to use UCX for these devices.
You can override this policy by setting the btl_openib_allow_ib MCA parameter
to true.

  Local host:              n-in37
  Local adapter:           mlx4_0
  Local port:              1

--------------------------------------------------------------------------
--------------------------------------------------------------------------
WARNING: There was an error initializing an OpenFabrics device.

  Local host:   n-in37
  Local device: mlx4_0
--------------------------------------------------------------------------
[n-in37:28038] 3 more processes have sent help message help-mpi-btl-openib.txt / ib port not selected
[n-in37:28038] Set MCA parameter "orte_base_help_aggregate" to 0 to see all help / error messages
[n-in37:28038] 3 more processes have sent help message help-mpi-btl-openib.txt / error in device init
+ for nx in 50 100 150 200
+ /softs/mpi/openmpi-4.0.1/gcc-7.3.0/bin/mpirun -np 4 /home/gext/abhishek.purandare/ue3/ParallelProgrammingCourse/TPs/ParallelProgrammingTP/bin/spmv_mpi.exe --nx 200
--------------------------------------------------------------------------
By default, for Open MPI 4.0 and later, infiniband ports on a device
are not used by default.  The intent is to use UCX for these devices.
You can override this policy by setting the btl_openib_allow_ib MCA parameter
to true.

  Local host:              n-in37
  Local adapter:           mlx4_0
  Local port:              1

--------------------------------------------------------------------------
--------------------------------------------------------------------------
WARNING: There was an error initializing an OpenFabrics device.

  Local host:   n-in37
  Local device: mlx4_0
--------------------------------------------------------------------------
[n-in37:28055] 3 more processes have sent help message help-mpi-btl-openib.txt / ib port not selected
[n-in37:28055] Set MCA parameter "orte_base_help_aggregate" to 0 to see all help / error messages
[n-in37:28055] 3 more processes have sent help message help-mpi-btl-openib.txt / error in device init
+ for np in 1 2 4 8 12 16 24
+ for nx in 50 100 150 200
+ /softs/mpi/openmpi-4.0.1/gcc-7.3.0/bin/mpirun -np 8 /home/gext/abhishek.purandare/ue3/ParallelProgrammingCourse/TPs/ParallelProgrammingTP/bin/spmv_mpi.exe --nx 50
--------------------------------------------------------------------------
By default, for Open MPI 4.0 and later, infiniband ports on a device
are not used by default.  The intent is to use UCX for these devices.
You can override this policy by setting the btl_openib_allow_ib MCA parameter
to true.

  Local host:              n-in37
  Local adapter:           mlx4_0
  Local port:              1

--------------------------------------------------------------------------
--------------------------------------------------------------------------
WARNING: There was an error initializing an OpenFabrics device.

  Local host:   n-in37
  Local device: mlx4_0
--------------------------------------------------------------------------
[n-in37:28072] 7 more processes have sent help message help-mpi-btl-openib.txt / ib port not selected
[n-in37:28072] Set MCA parameter "orte_base_help_aggregate" to 0 to see all help / error messages
[n-in37:28072] 7 more processes have sent help message help-mpi-btl-openib.txt / error in device init
+ for nx in 50 100 150 200
+ /softs/mpi/openmpi-4.0.1/gcc-7.3.0/bin/mpirun -np 8 /home/gext/abhishek.purandare/ue3/ParallelProgrammingCourse/TPs/ParallelProgrammingTP/bin/spmv_mpi.exe --nx 100
--------------------------------------------------------------------------
By default, for Open MPI 4.0 and later, infiniband ports on a device
are not used by default.  The intent is to use UCX for these devices.
You can override this policy by setting the btl_openib_allow_ib MCA parameter
to true.

  Local host:              n-in37
  Local adapter:           mlx4_0
  Local port:              1

--------------------------------------------------------------------------
--------------------------------------------------------------------------
WARNING: There was an error initializing an OpenFabrics device.

  Local host:   n-in37
  Local device: mlx4_0
--------------------------------------------------------------------------
[n-in37:28101] 7 more processes have sent help message help-mpi-btl-openib.txt / ib port not selected
[n-in37:28101] Set MCA parameter "orte_base_help_aggregate" to 0 to see all help / error messages
[n-in37:28101] 7 more processes have sent help message help-mpi-btl-openib.txt / error in device init
+ for nx in 50 100 150 200
+ /softs/mpi/openmpi-4.0.1/gcc-7.3.0/bin/mpirun -np 8 /home/gext/abhishek.purandare/ue3/ParallelProgrammingCourse/TPs/ParallelProgrammingTP/bin/spmv_mpi.exe --nx 150
--------------------------------------------------------------------------
By default, for Open MPI 4.0 and later, infiniband ports on a device
are not used by default.  The intent is to use UCX for these devices.
You can override this policy by setting the btl_openib_allow_ib MCA parameter
to true.

  Local host:              n-in37
  Local adapter:           mlx4_0
  Local port:              1

--------------------------------------------------------------------------
--------------------------------------------------------------------------
WARNING: There was an error initializing an OpenFabrics device.

  Local host:   n-in37
  Local device: mlx4_0
--------------------------------------------------------------------------
[n-in37:28130] 7 more processes have sent help message help-mpi-btl-openib.txt / ib port not selected
[n-in37:28130] Set MCA parameter "orte_base_help_aggregate" to 0 to see all help / error messages
[n-in37:28130] 7 more processes have sent help message help-mpi-btl-openib.txt / error in device init
+ for nx in 50 100 150 200
+ /softs/mpi/openmpi-4.0.1/gcc-7.3.0/bin/mpirun -np 8 /home/gext/abhishek.purandare/ue3/ParallelProgrammingCourse/TPs/ParallelProgrammingTP/bin/spmv_mpi.exe --nx 200
--------------------------------------------------------------------------
By default, for Open MPI 4.0 and later, infiniband ports on a device
are not used by default.  The intent is to use UCX for these devices.
You can override this policy by setting the btl_openib_allow_ib MCA parameter
to true.

  Local host:              n-in37
  Local adapter:           mlx4_0
  Local port:              1

--------------------------------------------------------------------------
--------------------------------------------------------------------------
WARNING: There was an error initializing an OpenFabrics device.

  Local host:   n-in37
  Local device: mlx4_0
--------------------------------------------------------------------------
[n-in37:28159] 7 more processes have sent help message help-mpi-btl-openib.txt / ib port not selected
[n-in37:28159] Set MCA parameter "orte_base_help_aggregate" to 0 to see all help / error messages
[n-in37:28159] 7 more processes have sent help message help-mpi-btl-openib.txt / error in device init
+ for np in 1 2 4 8 12 16 24
+ for nx in 50 100 150 200
+ /softs/mpi/openmpi-4.0.1/gcc-7.3.0/bin/mpirun -np 12 /home/gext/abhishek.purandare/ue3/ParallelProgrammingCourse/TPs/ParallelProgrammingTP/bin/spmv_mpi.exe --nx 50
--------------------------------------------------------------------------
By default, for Open MPI 4.0 and later, infiniband ports on a device
are not used by default.  The intent is to use UCX for these devices.
You can override this policy by setting the btl_openib_allow_ib MCA parameter
to true.

  Local host:              n-in37
  Local adapter:           mlx4_0
  Local port:              1

--------------------------------------------------------------------------
--------------------------------------------------------------------------
WARNING: There was an error initializing an OpenFabrics device.

  Local host:   n-in37
  Local device: mlx4_0
--------------------------------------------------------------------------
[n-in37:28188] 11 more processes have sent help message help-mpi-btl-openib.txt / ib port not selected
[n-in37:28188] Set MCA parameter "orte_base_help_aggregate" to 0 to see all help / error messages
[n-in37:28188] 11 more processes have sent help message help-mpi-btl-openib.txt / error in device init
+ for nx in 50 100 150 200
+ /softs/mpi/openmpi-4.0.1/gcc-7.3.0/bin/mpirun -np 12 /home/gext/abhishek.purandare/ue3/ParallelProgrammingCourse/TPs/ParallelProgrammingTP/bin/spmv_mpi.exe --nx 100
--------------------------------------------------------------------------
By default, for Open MPI 4.0 and later, infiniband ports on a device
are not used by default.  The intent is to use UCX for these devices.
You can override this policy by setting the btl_openib_allow_ib MCA parameter
to true.

  Local host:              n-in37
  Local adapter:           mlx4_0
  Local port:              1

--------------------------------------------------------------------------
--------------------------------------------------------------------------
WARNING: There was an error initializing an OpenFabrics device.

  Local host:   n-in37
  Local device: mlx4_0
--------------------------------------------------------------------------
[n-in37:28229] 11 more processes have sent help message help-mpi-btl-openib.txt / ib port not selected
[n-in37:28229] Set MCA parameter "orte_base_help_aggregate" to 0 to see all help / error messages
[n-in37:28229] 11 more processes have sent help message help-mpi-btl-openib.txt / error in device init
+ for nx in 50 100 150 200
+ /softs/mpi/openmpi-4.0.1/gcc-7.3.0/bin/mpirun -np 12 /home/gext/abhishek.purandare/ue3/ParallelProgrammingCourse/TPs/ParallelProgrammingTP/bin/spmv_mpi.exe --nx 150
--------------------------------------------------------------------------
By default, for Open MPI 4.0 and later, infiniband ports on a device
are not used by default.  The intent is to use UCX for these devices.
You can override this policy by setting the btl_openib_allow_ib MCA parameter
to true.

  Local host:              n-in37
  Local adapter:           mlx4_0
  Local port:              1

--------------------------------------------------------------------------
--------------------------------------------------------------------------
WARNING: There was an error initializing an OpenFabrics device.

  Local host:   n-in37
  Local device: mlx4_0
--------------------------------------------------------------------------
[n-in37:28270] 11 more processes have sent help message help-mpi-btl-openib.txt / ib port not selected
[n-in37:28270] Set MCA parameter "orte_base_help_aggregate" to 0 to see all help / error messages
[n-in37:28270] 11 more processes have sent help message help-mpi-btl-openib.txt / error in device init
+ for nx in 50 100 150 200
+ /softs/mpi/openmpi-4.0.1/gcc-7.3.0/bin/mpirun -np 12 /home/gext/abhishek.purandare/ue3/ParallelProgrammingCourse/TPs/ParallelProgrammingTP/bin/spmv_mpi.exe --nx 200
--------------------------------------------------------------------------
By default, for Open MPI 4.0 and later, infiniband ports on a device
are not used by default.  The intent is to use UCX for these devices.
You can override this policy by setting the btl_openib_allow_ib MCA parameter
to true.

  Local host:              n-in37
  Local adapter:           mlx4_0
  Local port:              1

--------------------------------------------------------------------------
--------------------------------------------------------------------------
WARNING: There was an error initializing an OpenFabrics device.

  Local host:   n-in37
  Local device: mlx4_0
--------------------------------------------------------------------------
[n-in37:28311] 11 more processes have sent help message help-mpi-btl-openib.txt / ib port not selected
[n-in37:28311] Set MCA parameter "orte_base_help_aggregate" to 0 to see all help / error messages
[n-in37:28311] 11 more processes have sent help message help-mpi-btl-openib.txt / error in device init
+ for np in 1 2 4 8 12 16 24
+ for nx in 50 100 150 200
+ /softs/mpi/openmpi-4.0.1/gcc-7.3.0/bin/mpirun -np 16 /home/gext/abhishek.purandare/ue3/ParallelProgrammingCourse/TPs/ParallelProgrammingTP/bin/spmv_mpi.exe --nx 50
--------------------------------------------------------------------------
By default, for Open MPI 4.0 and later, infiniband ports on a device
are not used by default.  The intent is to use UCX for these devices.
You can override this policy by setting the btl_openib_allow_ib MCA parameter
to true.

  Local host:              n-in37
  Local adapter:           mlx4_0
  Local port:              1

--------------------------------------------------------------------------
--------------------------------------------------------------------------
WARNING: There was an error initializing an OpenFabrics device.

  Local host:   n-in37
  Local device: mlx4_0
--------------------------------------------------------------------------
[n-in37:28352] 15 more processes have sent help message help-mpi-btl-openib.txt / ib port not selected
[n-in37:28352] Set MCA parameter "orte_base_help_aggregate" to 0 to see all help / error messages
[n-in37:28352] 15 more processes have sent help message help-mpi-btl-openib.txt / error in device init
+ for nx in 50 100 150 200
+ /softs/mpi/openmpi-4.0.1/gcc-7.3.0/bin/mpirun -np 16 /home/gext/abhishek.purandare/ue3/ParallelProgrammingCourse/TPs/ParallelProgrammingTP/bin/spmv_mpi.exe --nx 100
--------------------------------------------------------------------------
By default, for Open MPI 4.0 and later, infiniband ports on a device
are not used by default.  The intent is to use UCX for these devices.
You can override this policy by setting the btl_openib_allow_ib MCA parameter
to true.

  Local host:              n-in37
  Local adapter:           mlx4_0
  Local port:              1

--------------------------------------------------------------------------
[n-in37:28405] [[24482,0],0] ORTE_ERROR_LOG: Data unpack would read past end of buffer in file util/show_help.c at line 501
--------------------------------------------------------------------------
WARNING: There was an error initializing an OpenFabrics device.

  Local host:   n-in37
  Local device: mlx4_0
--------------------------------------------------------------------------
[n-in37:28405] 14 more processes have sent help message help-mpi-btl-openib.txt / ib port not selected
[n-in37:28405] Set MCA parameter "orte_base_help_aggregate" to 0 to see all help / error messages
[n-in37:28405] 15 more processes have sent help message help-mpi-btl-openib.txt / error in device init
+ for nx in 50 100 150 200
+ /softs/mpi/openmpi-4.0.1/gcc-7.3.0/bin/mpirun -np 16 /home/gext/abhishek.purandare/ue3/ParallelProgrammingCourse/TPs/ParallelProgrammingTP/bin/spmv_mpi.exe --nx 150
--------------------------------------------------------------------------
By default, for Open MPI 4.0 and later, infiniband ports on a device
are not used by default.  The intent is to use UCX for these devices.
You can override this policy by setting the btl_openib_allow_ib MCA parameter
to true.

  Local host:              n-in37
  Local adapter:           mlx4_0
  Local port:              1

--------------------------------------------------------------------------
--------------------------------------------------------------------------
WARNING: There was an error initializing an OpenFabrics device.

  Local host:   n-in37
  Local device: mlx4_0
--------------------------------------------------------------------------
[n-in37:28458] 15 more processes have sent help message help-mpi-btl-openib.txt / ib port not selected
[n-in37:28458] Set MCA parameter "orte_base_help_aggregate" to 0 to see all help / error messages
[n-in37:28458] 15 more processes have sent help message help-mpi-btl-openib.txt / error in device init
+ for nx in 50 100 150 200
+ /softs/mpi/openmpi-4.0.1/gcc-7.3.0/bin/mpirun -np 16 /home/gext/abhishek.purandare/ue3/ParallelProgrammingCourse/TPs/ParallelProgrammingTP/bin/spmv_mpi.exe --nx 200
--------------------------------------------------------------------------
By default, for Open MPI 4.0 and later, infiniband ports on a device
are not used by default.  The intent is to use UCX for these devices.
You can override this policy by setting the btl_openib_allow_ib MCA parameter
to true.

  Local host:              n-in37
  Local adapter:           mlx4_0
  Local port:              1

--------------------------------------------------------------------------
--------------------------------------------------------------------------
WARNING: There was an error initializing an OpenFabrics device.

  Local host:   n-in37
  Local device: mlx4_0
--------------------------------------------------------------------------
[n-in37:28511] 15 more processes have sent help message help-mpi-btl-openib.txt / ib port not selected
[n-in37:28511] Set MCA parameter "orte_base_help_aggregate" to 0 to see all help / error messages
[n-in37:28511] 15 more processes have sent help message help-mpi-btl-openib.txt / error in device init
+ for np in 1 2 4 8 12 16 24
+ for nx in 50 100 150 200
+ /softs/mpi/openmpi-4.0.1/gcc-7.3.0/bin/mpirun -np 24 /home/gext/abhishek.purandare/ue3/ParallelProgrammingCourse/TPs/ParallelProgrammingTP/bin/spmv_mpi.exe --nx 50
--------------------------------------------------------------------------
By default, for Open MPI 4.0 and later, infiniband ports on a device
are not used by default.  The intent is to use UCX for these devices.
You can override this policy by setting the btl_openib_allow_ib MCA parameter
to true.

  Local host:              n-in37
  Local adapter:           mlx4_0
  Local port:              1

--------------------------------------------------------------------------
--------------------------------------------------------------------------
WARNING: There was an error initializing an OpenFabrics device.

  Local host:   n-in37
  Local device: mlx4_0
--------------------------------------------------------------------------
[n-in37:28564] 23 more processes have sent help message help-mpi-btl-openib.txt / ib port not selected
[n-in37:28564] Set MCA parameter "orte_base_help_aggregate" to 0 to see all help / error messages
[n-in37:28564] 23 more processes have sent help message help-mpi-btl-openib.txt / error in device init
+ for nx in 50 100 150 200
+ /softs/mpi/openmpi-4.0.1/gcc-7.3.0/bin/mpirun -np 24 /home/gext/abhishek.purandare/ue3/ParallelProgrammingCourse/TPs/ParallelProgrammingTP/bin/spmv_mpi.exe --nx 100
--------------------------------------------------------------------------
By default, for Open MPI 4.0 and later, infiniband ports on a device
are not used by default.  The intent is to use UCX for these devices.
You can override this policy by setting the btl_openib_allow_ib MCA parameter
to true.

  Local host:              n-in37
  Local adapter:           mlx4_0
  Local port:              1

--------------------------------------------------------------------------
--------------------------------------------------------------------------
WARNING: There was an error initializing an OpenFabrics device.

  Local host:   n-in37
  Local device: mlx4_0
--------------------------------------------------------------------------
[n-in37:28641] 23 more processes have sent help message help-mpi-btl-openib.txt / ib port not selected
[n-in37:28641] Set MCA parameter "orte_base_help_aggregate" to 0 to see all help / error messages
[n-in37:28641] 23 more processes have sent help message help-mpi-btl-openib.txt / error in device init
+ for nx in 50 100 150 200
+ /softs/mpi/openmpi-4.0.1/gcc-7.3.0/bin/mpirun -np 24 /home/gext/abhishek.purandare/ue3/ParallelProgrammingCourse/TPs/ParallelProgrammingTP/bin/spmv_mpi.exe --nx 150
--------------------------------------------------------------------------
By default, for Open MPI 4.0 and later, infiniband ports on a device
are not used by default.  The intent is to use UCX for these devices.
You can override this policy by setting the btl_openib_allow_ib MCA parameter
to true.

  Local host:              n-in37
  Local adapter:           mlx4_0
  Local port:              1

--------------------------------------------------------------------------
--------------------------------------------------------------------------
WARNING: There was an error initializing an OpenFabrics device.

  Local host:   n-in37
  Local device: mlx4_0
--------------------------------------------------------------------------
[n-in37:28718] 23 more processes have sent help message help-mpi-btl-openib.txt / ib port not selected
[n-in37:28718] Set MCA parameter "orte_base_help_aggregate" to 0 to see all help / error messages
[n-in37:28718] 23 more processes have sent help message help-mpi-btl-openib.txt / error in device init
+ for nx in 50 100 150 200
+ /softs/mpi/openmpi-4.0.1/gcc-7.3.0/bin/mpirun -np 24 /home/gext/abhishek.purandare/ue3/ParallelProgrammingCourse/TPs/ParallelProgrammingTP/bin/spmv_mpi.exe --nx 200
--------------------------------------------------------------------------
By default, for Open MPI 4.0 and later, infiniband ports on a device
are not used by default.  The intent is to use UCX for these devices.
You can override this policy by setting the btl_openib_allow_ib MCA parameter
to true.

  Local host:              n-in37
  Local adapter:           mlx4_0
  Local port:              1

--------------------------------------------------------------------------
--------------------------------------------------------------------------
WARNING: There was an error initializing an OpenFabrics device.

  Local host:   n-in37
  Local device: mlx4_0
--------------------------------------------------------------------------
[n-in37:28795] 23 more processes have sent help message help-mpi-btl-openib.txt / ib port not selected
[n-in37:28795] Set MCA parameter "orte_base_help_aggregate" to 0 to see all help / error messages
[n-in37:28795] 23 more processes have sent help message help-mpi-btl-openib.txt / error in device init
+ date
Sun Dec 11 18:32:29 CET 2022
+ echo FIN
FIN
