The system is: Linux - 2.6.32-573.12.1.el6.x86_64 - x86_64
Compiling the C compiler identification source file "CMakeCCompilerId.c" succeeded.
Compiler: /softs/gcc/7.3.0/bin/gcc 
Build flags: 
Id flags:  

The output was:
0


Compilation of the C compiler identification source "CMakeCCompilerId.c" produced "a.out"

The C compiler identification is GNU, found in "/gext/benjamin.bourbon/github/ParallelProgrammingCourse/TPs/ParallelProgrammingTP/build/CMakeFiles/3.16.5/CompilerIdC/a.out"

Compiling the CXX compiler identification source file "CMakeCXXCompilerId.cpp" succeeded.
Compiler: /softs/gcc/7.3.0/bin/g++ 
Build flags: 
Id flags:  

The output was:
0


Compilation of the CXX compiler identification source "CMakeCXXCompilerId.cpp" produced "a.out"

The CXX compiler identification is GNU, found in "/gext/benjamin.bourbon/github/ParallelProgrammingCourse/TPs/ParallelProgrammingTP/build/CMakeFiles/3.16.5/CompilerIdCXX/a.out"

Determining if the C compiler works passed with the following output:
Change Dir: /gext/benjamin.bourbon/github/ParallelProgrammingCourse/TPs/ParallelProgrammingTP/build/CMakeFiles/CMakeTmp

Run Build Command(s):/usr/bin/gmake cmTC_72eee/fast && /usr/bin/gmake -f CMakeFiles/cmTC_72eee.dir/build.make CMakeFiles/cmTC_72eee.dir/build
gmake[1]: Entering directory `/home/gext/benjamin.bourbon/github/ParallelProgrammingCourse/TPs/ParallelProgrammingTP/build/CMakeFiles/CMakeTmp'
Building C object CMakeFiles/cmTC_72eee.dir/testCCompiler.c.o
/softs/gcc/7.3.0/bin/gcc    -o CMakeFiles/cmTC_72eee.dir/testCCompiler.c.o   -c /gext/benjamin.bourbon/github/ParallelProgrammingCourse/TPs/ParallelProgrammingTP/build/CMakeFiles/CMakeTmp/testCCompiler.c
Linking C executable cmTC_72eee
/softs/cmake/3.16.5/bin/cmake -E cmake_link_script CMakeFiles/cmTC_72eee.dir/link.txt --verbose=1
/softs/gcc/7.3.0/bin/gcc      -rdynamic CMakeFiles/cmTC_72eee.dir/testCCompiler.c.o  -o cmTC_72eee 
gmake[1]: Leaving directory `/home/gext/benjamin.bourbon/github/ParallelProgrammingCourse/TPs/ParallelProgrammingTP/build/CMakeFiles/CMakeTmp'



Detecting C compiler ABI info compiled with the following output:
Change Dir: /gext/benjamin.bourbon/github/ParallelProgrammingCourse/TPs/ParallelProgrammingTP/build/CMakeFiles/CMakeTmp

Run Build Command(s):/usr/bin/gmake cmTC_f8b91/fast && /usr/bin/gmake -f CMakeFiles/cmTC_f8b91.dir/build.make CMakeFiles/cmTC_f8b91.dir/build
gmake[1]: Entering directory `/home/gext/benjamin.bourbon/github/ParallelProgrammingCourse/TPs/ParallelProgrammingTP/build/CMakeFiles/CMakeTmp'
Building C object CMakeFiles/cmTC_f8b91.dir/CMakeCCompilerABI.c.o
/softs/gcc/7.3.0/bin/gcc   -v -o CMakeFiles/cmTC_f8b91.dir/CMakeCCompilerABI.c.o   -c /softs/cmake/3.16.5/share/cmake-3.16/Modules/CMakeCCompilerABI.c
Using built-in specs.
COLLECT_GCC=/softs/gcc/7.3.0/bin/gcc
Target: x86_64-pc-linux-gnu
Configured with: ../gcc-7.3.0/configure --prefix=/softs/gcc/7.3.0 --disable-multilib
Thread model: posix
gcc version 7.3.0 (GCC) 
COLLECT_GCC_OPTIONS='-v' '-o' 'CMakeFiles/cmTC_f8b91.dir/CMakeCCompilerABI.c.o' '-c' '-mtune=generic' '-march=x86-64'
 /softs/gcc/7.3.0/libexec/gcc/x86_64-pc-linux-gnu/7.3.0/cc1 -quiet -v /softs/cmake/3.16.5/share/cmake-3.16/Modules/CMakeCCompilerABI.c -quiet -dumpbase CMakeCCompilerABI.c -mtune=generic -march=x86-64 -auxbase-strip CMakeFiles/cmTC_f8b91.dir/CMakeCCompilerABI.c.o -version -o /tmp/cc9aMe6K.s
GNU C11 (GCC) version 7.3.0 (x86_64-pc-linux-gnu)
	compiled by GNU C version 7.3.0, GMP version 6.1.0, MPFR version 3.1.4, MPC version 1.0.3, isl version isl-0.16.1-GMP

GGC heuristics: --param ggc-min-expand=100 --param ggc-min-heapsize=131072
ignoring nonexistent directory "/softs/gcc/7.3.0/lib/gcc/x86_64-pc-linux-gnu/7.3.0/../../../../x86_64-pc-linux-gnu/include"
#include "..." search starts here:
#include <...> search starts here:
 /softs/intel/composer_xe_2013_sp1.1.106/mkl/include
 /softs/intel/composer_xe_2013_sp1.1.106/tbb/include
 /softs/gcc/7.3.0/lib/gcc/x86_64-pc-linux-gnu/7.3.0/include
 /usr/local/include
 /softs/gcc/7.3.0/include
 /softs/gcc/7.3.0/lib/gcc/x86_64-pc-linux-gnu/7.3.0/include-fixed
 /usr/include
End of search list.
GNU C11 (GCC) version 7.3.0 (x86_64-pc-linux-gnu)
	compiled by GNU C version 7.3.0, GMP version 6.1.0, MPFR version 3.1.4, MPC version 1.0.3, isl version isl-0.16.1-GMP

GGC heuristics: --param ggc-min-expand=100 --param ggc-min-heapsize=131072
Compiler executable checksum: 314faeeee80a0dafab8fda1bc008de1a
COLLECT_GCC_OPTIONS='-v' '-o' 'CMakeFiles/cmTC_f8b91.dir/CMakeCCompilerABI.c.o' '-c' '-mtune=generic' '-march=x86-64'
 as -v --64 -o CMakeFiles/cmTC_f8b91.dir/CMakeCCompilerABI.c.o /tmp/cc9aMe6K.s
GNU assembler version 2.32 (x86_64-pc-linux-gnu) using BFD version (GNU Binutils) 2.32
COMPILER_PATH=/softs/gcc/7.3.0/libexec/gcc/x86_64-pc-linux-gnu/7.3.0/:/softs/gcc/7.3.0/libexec/gcc/x86_64-pc-linux-gnu/7.3.0/:/softs/gcc/7.3.0/libexec/gcc/x86_64-pc-linux-gnu/:/softs/gcc/7.3.0/lib/gcc/x86_64-pc-linux-gnu/7.3.0/:/softs/gcc/7.3.0/lib/gcc/x86_64-pc-linux-gnu/
LIBRARY_PATH=/softs/gcc/7.3.0/lib/gcc/x86_64-pc-linux-gnu/7.3.0/:/softs/gcc/7.3.0/lib/gcc/x86_64-pc-linux-gnu/7.3.0/../../../../lib64/:/lib/../lib64/:/usr/lib/../lib64/:/softs/intel/composer_xe_2013_sp1.1.106/compiler/lib/intel64/:/softs/intel/composer_xe_2013_sp1.1.106/ipp/../compiler/lib/intel64/:/softs/intel/composer_xe_2013_sp1.1.106/ipp/lib/intel64/:/softs/intel/composer_xe_2013_sp1.1.106/compiler/lib/intel64/:/softs/intel/composer_xe_2013_sp1.1.106/mkl/lib/intel64/:/softs/intel/composer_xe_2013_sp1.1.106/tbb/lib/intel64/gcc4.4/:/softs/gcc/7.3.0/lib/gcc/x86_64-pc-linux-gnu/7.3.0/../../../:/lib/:/usr/lib/
COLLECT_GCC_OPTIONS='-v' '-o' 'CMakeFiles/cmTC_f8b91.dir/CMakeCCompilerABI.c.o' '-c' '-mtune=generic' '-march=x86-64'
Linking C executable cmTC_f8b91
/softs/cmake/3.16.5/bin/cmake -E cmake_link_script CMakeFiles/cmTC_f8b91.dir/link.txt --verbose=1
/softs/gcc/7.3.0/bin/gcc     -v -rdynamic CMakeFiles/cmTC_f8b91.dir/CMakeCCompilerABI.c.o  -o cmTC_f8b91 
Using built-in specs.
COLLECT_GCC=/softs/gcc/7.3.0/bin/gcc
COLLECT_LTO_WRAPPER=/softs/gcc/7.3.0/libexec/gcc/x86_64-pc-linux-gnu/7.3.0/lto-wrapper
Target: x86_64-pc-linux-gnu
Configured with: ../gcc-7.3.0/configure --prefix=/softs/gcc/7.3.0 --disable-multilib
Thread model: posix
gcc version 7.3.0 (GCC) 
COMPILER_PATH=/softs/gcc/7.3.0/libexec/gcc/x86_64-pc-linux-gnu/7.3.0/:/softs/gcc/7.3.0/libexec/gcc/x86_64-pc-linux-gnu/7.3.0/:/softs/gcc/7.3.0/libexec/gcc/x86_64-pc-linux-gnu/:/softs/gcc/7.3.0/lib/gcc/x86_64-pc-linux-gnu/7.3.0/:/softs/gcc/7.3.0/lib/gcc/x86_64-pc-linux-gnu/
LIBRARY_PATH=/softs/gcc/7.3.0/lib/gcc/x86_64-pc-linux-gnu/7.3.0/:/softs/gcc/7.3.0/lib/gcc/x86_64-pc-linux-gnu/7.3.0/../../../../lib64/:/lib/../lib64/:/usr/lib/../lib64/:/softs/intel/composer_xe_2013_sp1.1.106/compiler/lib/intel64/:/softs/intel/composer_xe_2013_sp1.1.106/ipp/../compiler/lib/intel64/:/softs/intel/composer_xe_2013_sp1.1.106/ipp/lib/intel64/:/softs/intel/composer_xe_2013_sp1.1.106/compiler/lib/intel64/:/softs/intel/composer_xe_2013_sp1.1.106/mkl/lib/intel64/:/softs/intel/composer_xe_2013_sp1.1.106/tbb/lib/intel64/gcc4.4/:/softs/gcc/7.3.0/lib/gcc/x86_64-pc-linux-gnu/7.3.0/../../../:/lib/:/usr/lib/
COLLECT_GCC_OPTIONS='-v' '-rdynamic' '-o' 'cmTC_f8b91' '-mtune=generic' '-march=x86-64'
 /softs/gcc/7.3.0/libexec/gcc/x86_64-pc-linux-gnu/7.3.0/collect2 -plugin /softs/gcc/7.3.0/libexec/gcc/x86_64-pc-linux-gnu/7.3.0/liblto_plugin.so -plugin-opt=/softs/gcc/7.3.0/libexec/gcc/x86_64-pc-linux-gnu/7.3.0/lto-wrapper -plugin-opt=-fresolution=/tmp/ccuKkRLM.res -plugin-opt=-pass-through=-lgcc -plugin-opt=-pass-through=-lgcc_s -plugin-opt=-pass-through=-lc -plugin-opt=-pass-through=-lgcc -plugin-opt=-pass-through=-lgcc_s --eh-frame-hdr -m elf_x86_64 -export-dynamic -dynamic-linker /lib64/ld-linux-x86-64.so.2 -o cmTC_f8b91 /usr/lib/../lib64/crt1.o /usr/lib/../lib64/crti.o /softs/gcc/7.3.0/lib/gcc/x86_64-pc-linux-gnu/7.3.0/crtbegin.o -L/softs/gcc/7.3.0/lib/gcc/x86_64-pc-linux-gnu/7.3.0 -L/softs/gcc/7.3.0/lib/gcc/x86_64-pc-linux-gnu/7.3.0/../../../../lib64 -L/lib/../lib64 -L/usr/lib/../lib64 -L/softs/intel/composer_xe_2013_sp1.1.106/compiler/lib/intel64 -L/softs/intel/composer_xe_2013_sp1.1.106/ipp/../compiler/lib/intel64 -L/softs/intel/composer_xe_2013_sp1.1.106/ipp/lib/intel64 -L/softs/intel/composer_xe_2013_sp1.1.106/compiler/lib/intel64 -L/softs/intel/composer_xe_2013_sp1.1.106/mkl/lib/intel64 -L/softs/intel/composer_xe_2013_sp1.1.106/tbb/lib/intel64/gcc4.4 -L/softs/gcc/7.3.0/lib/gcc/x86_64-pc-linux-gnu/7.3.0/../../.. CMakeFiles/cmTC_f8b91.dir/CMakeCCompilerABI.c.o -lgcc --as-needed -lgcc_s --no-as-needed -lc -lgcc --as-needed -lgcc_s --no-as-needed /softs/gcc/7.3.0/lib/gcc/x86_64-pc-linux-gnu/7.3.0/crtend.o /usr/lib/../lib64/crtn.o
COLLECT_GCC_OPTIONS='-v' '-rdynamic' '-o' 'cmTC_f8b91' '-mtune=generic' '-march=x86-64'
gmake[1]: Leaving directory `/home/gext/benjamin.bourbon/github/ParallelProgrammingCourse/TPs/ParallelProgrammingTP/build/CMakeFiles/CMakeTmp'



Parsed C implicit include dir info from above output: rv=done
  found start of include info
  found start of implicit include info
    add: [/softs/intel/composer_xe_2013_sp1.1.106/mkl/include]
    add: [/softs/intel/composer_xe_2013_sp1.1.106/tbb/include]
    add: [/softs/gcc/7.3.0/lib/gcc/x86_64-pc-linux-gnu/7.3.0/include]
    add: [/usr/local/include]
    add: [/softs/gcc/7.3.0/include]
    add: [/softs/gcc/7.3.0/lib/gcc/x86_64-pc-linux-gnu/7.3.0/include-fixed]
    add: [/usr/include]
  end of search list found
  collapse include dir [/softs/intel/composer_xe_2013_sp1.1.106/mkl/include] ==> [/softs/intel/composer_xe_2013_sp1.1.106/mkl/include]
  collapse include dir [/softs/intel/composer_xe_2013_sp1.1.106/tbb/include] ==> [/softs/intel/composer_xe_2013_sp1.1.106/tbb/include]
  collapse include dir [/softs/gcc/7.3.0/lib/gcc/x86_64-pc-linux-gnu/7.3.0/include] ==> [/softs/gcc/7.3.0/lib/gcc/x86_64-pc-linux-gnu/7.3.0/include]
  collapse include dir [/usr/local/include] ==> [/usr/local/include]
  collapse include dir [/softs/gcc/7.3.0/include] ==> [/softs/gcc/7.3.0/include]
  collapse include dir [/softs/gcc/7.3.0/lib/gcc/x86_64-pc-linux-gnu/7.3.0/include-fixed] ==> [/softs/gcc/7.3.0/lib/gcc/x86_64-pc-linux-gnu/7.3.0/include-fixed]
  collapse include dir [/usr/include] ==> [/usr/include]
  implicit include dirs: [/softs/intel/composer_xe_2013_sp1.1.106/mkl/include;/softs/intel/composer_xe_2013_sp1.1.106/tbb/include;/softs/gcc/7.3.0/lib/gcc/x86_64-pc-linux-gnu/7.3.0/include;/usr/local/include;/softs/gcc/7.3.0/include;/softs/gcc/7.3.0/lib/gcc/x86_64-pc-linux-gnu/7.3.0/include-fixed;/usr/include]


Parsed C implicit link information from above output:
  link line regex: [^( *|.*[/\])(ld|CMAKE_LINK_STARTFILE-NOTFOUND|([^/\]+-)?ld|collect2)[^/\]*( |$)]
  ignore line: [Change Dir: /gext/benjamin.bourbon/github/ParallelProgrammingCourse/TPs/ParallelProgrammingTP/build/CMakeFiles/CMakeTmp]
  ignore line: []
  ignore line: [Run Build Command(s):/usr/bin/gmake cmTC_f8b91/fast && /usr/bin/gmake -f CMakeFiles/cmTC_f8b91.dir/build.make CMakeFiles/cmTC_f8b91.dir/build]
  ignore line: [gmake[1]: Entering directory `/home/gext/benjamin.bourbon/github/ParallelProgrammingCourse/TPs/ParallelProgrammingTP/build/CMakeFiles/CMakeTmp']
  ignore line: [Building C object CMakeFiles/cmTC_f8b91.dir/CMakeCCompilerABI.c.o]
  ignore line: [/softs/gcc/7.3.0/bin/gcc   -v -o CMakeFiles/cmTC_f8b91.dir/CMakeCCompilerABI.c.o   -c /softs/cmake/3.16.5/share/cmake-3.16/Modules/CMakeCCompilerABI.c]
  ignore line: [Using built-in specs.]
  ignore line: [COLLECT_GCC=/softs/gcc/7.3.0/bin/gcc]
  ignore line: [Target: x86_64-pc-linux-gnu]
  ignore line: [Configured with: ../gcc-7.3.0/configure --prefix=/softs/gcc/7.3.0 --disable-multilib]
  ignore line: [Thread model: posix]
  ignore line: [gcc version 7.3.0 (GCC) ]
  ignore line: [COLLECT_GCC_OPTIONS='-v' '-o' 'CMakeFiles/cmTC_f8b91.dir/CMakeCCompilerABI.c.o' '-c' '-mtune=generic' '-march=x86-64']
  ignore line: [ /softs/gcc/7.3.0/libexec/gcc/x86_64-pc-linux-gnu/7.3.0/cc1 -quiet -v /softs/cmake/3.16.5/share/cmake-3.16/Modules/CMakeCCompilerABI.c -quiet -dumpbase CMakeCCompilerABI.c -mtune=generic -march=x86-64 -auxbase-strip CMakeFiles/cmTC_f8b91.dir/CMakeCCompilerABI.c.o -version -o /tmp/cc9aMe6K.s]
  ignore line: [GNU C11 (GCC) version 7.3.0 (x86_64-pc-linux-gnu)]
  ignore line: [	compiled by GNU C version 7.3.0  GMP version 6.1.0  MPFR version 3.1.4  MPC version 1.0.3  isl version isl-0.16.1-GMP]
  ignore line: []
  ignore line: [GGC heuristics: --param ggc-min-expand=100 --param ggc-min-heapsize=131072]
  ignore line: [ignoring nonexistent directory "/softs/gcc/7.3.0/lib/gcc/x86_64-pc-linux-gnu/7.3.0/../../../../x86_64-pc-linux-gnu/include"]
  ignore line: [#include "..." search starts here:]
  ignore line: [#include <...> search starts here:]
  ignore line: [ /softs/intel/composer_xe_2013_sp1.1.106/mkl/include]
  ignore line: [ /softs/intel/composer_xe_2013_sp1.1.106/tbb/include]
  ignore line: [ /softs/gcc/7.3.0/lib/gcc/x86_64-pc-linux-gnu/7.3.0/include]
  ignore line: [ /usr/local/include]
  ignore line: [ /softs/gcc/7.3.0/include]
  ignore line: [ /softs/gcc/7.3.0/lib/gcc/x86_64-pc-linux-gnu/7.3.0/include-fixed]
  ignore line: [ /usr/include]
  ignore line: [End of search list.]
  ignore line: [GNU C11 (GCC) version 7.3.0 (x86_64-pc-linux-gnu)]
  ignore line: [	compiled by GNU C version 7.3.0  GMP version 6.1.0  MPFR version 3.1.4  MPC version 1.0.3  isl version isl-0.16.1-GMP]
  ignore line: []
  ignore line: [GGC heuristics: --param ggc-min-expand=100 --param ggc-min-heapsize=131072]
  ignore line: [Compiler executable checksum: 314faeeee80a0dafab8fda1bc008de1a]
  ignore line: [COLLECT_GCC_OPTIONS='-v' '-o' 'CMakeFiles/cmTC_f8b91.dir/CMakeCCompilerABI.c.o' '-c' '-mtune=generic' '-march=x86-64']
  ignore line: [ as -v --64 -o CMakeFiles/cmTC_f8b91.dir/CMakeCCompilerABI.c.o /tmp/cc9aMe6K.s]
  ignore line: [GNU assembler version 2.32 (x86_64-pc-linux-gnu) using BFD version (GNU Binutils) 2.32]
  ignore line: [COMPILER_PATH=/softs/gcc/7.3.0/libexec/gcc/x86_64-pc-linux-gnu/7.3.0/:/softs/gcc/7.3.0/libexec/gcc/x86_64-pc-linux-gnu/7.3.0/:/softs/gcc/7.3.0/libexec/gcc/x86_64-pc-linux-gnu/:/softs/gcc/7.3.0/lib/gcc/x86_64-pc-linux-gnu/7.3.0/:/softs/gcc/7.3.0/lib/gcc/x86_64-pc-linux-gnu/]
  ignore line: [LIBRARY_PATH=/softs/gcc/7.3.0/lib/gcc/x86_64-pc-linux-gnu/7.3.0/:/softs/gcc/7.3.0/lib/gcc/x86_64-pc-linux-gnu/7.3.0/../../../../lib64/:/lib/../lib64/:/usr/lib/../lib64/:/softs/intel/composer_xe_2013_sp1.1.106/compiler/lib/intel64/:/softs/intel/composer_xe_2013_sp1.1.106/ipp/../compiler/lib/intel64/:/softs/intel/composer_xe_2013_sp1.1.106/ipp/lib/intel64/:/softs/intel/composer_xe_2013_sp1.1.106/compiler/lib/intel64/:/softs/intel/composer_xe_2013_sp1.1.106/mkl/lib/intel64/:/softs/intel/composer_xe_2013_sp1.1.106/tbb/lib/intel64/gcc4.4/:/softs/gcc/7.3.0/lib/gcc/x86_64-pc-linux-gnu/7.3.0/../../../:/lib/:/usr/lib/]
  ignore line: [COLLECT_GCC_OPTIONS='-v' '-o' 'CMakeFiles/cmTC_f8b91.dir/CMakeCCompilerABI.c.o' '-c' '-mtune=generic' '-march=x86-64']
  ignore line: [Linking C executable cmTC_f8b91]
  ignore line: [/softs/cmake/3.16.5/bin/cmake -E cmake_link_script CMakeFiles/cmTC_f8b91.dir/link.txt --verbose=1]
  ignore line: [/softs/gcc/7.3.0/bin/gcc     -v -rdynamic CMakeFiles/cmTC_f8b91.dir/CMakeCCompilerABI.c.o  -o cmTC_f8b91 ]
  ignore line: [Using built-in specs.]
  ignore line: [COLLECT_GCC=/softs/gcc/7.3.0/bin/gcc]
  ignore line: [COLLECT_LTO_WRAPPER=/softs/gcc/7.3.0/libexec/gcc/x86_64-pc-linux-gnu/7.3.0/lto-wrapper]
  ignore line: [Target: x86_64-pc-linux-gnu]
  ignore line: [Configured with: ../gcc-7.3.0/configure --prefix=/softs/gcc/7.3.0 --disable-multilib]
  ignore line: [Thread model: posix]
  ignore line: [gcc version 7.3.0 (GCC) ]
  ignore line: [COMPILER_PATH=/softs/gcc/7.3.0/libexec/gcc/x86_64-pc-linux-gnu/7.3.0/:/softs/gcc/7.3.0/libexec/gcc/x86_64-pc-linux-gnu/7.3.0/:/softs/gcc/7.3.0/libexec/gcc/x86_64-pc-linux-gnu/:/softs/gcc/7.3.0/lib/gcc/x86_64-pc-linux-gnu/7.3.0/:/softs/gcc/7.3.0/lib/gcc/x86_64-pc-linux-gnu/]
  ignore line: [LIBRARY_PATH=/softs/gcc/7.3.0/lib/gcc/x86_64-pc-linux-gnu/7.3.0/:/softs/gcc/7.3.0/lib/gcc/x86_64-pc-linux-gnu/7.3.0/../../../../lib64/:/lib/../lib64/:/usr/lib/../lib64/:/softs/intel/composer_xe_2013_sp1.1.106/compiler/lib/intel64/:/softs/intel/composer_xe_2013_sp1.1.106/ipp/../compiler/lib/intel64/:/softs/intel/composer_xe_2013_sp1.1.106/ipp/lib/intel64/:/softs/intel/composer_xe_2013_sp1.1.106/compiler/lib/intel64/:/softs/intel/composer_xe_2013_sp1.1.106/mkl/lib/intel64/:/softs/intel/composer_xe_2013_sp1.1.106/tbb/lib/intel64/gcc4.4/:/softs/gcc/7.3.0/lib/gcc/x86_64-pc-linux-gnu/7.3.0/../../../:/lib/:/usr/lib/]
  ignore line: [COLLECT_GCC_OPTIONS='-v' '-rdynamic' '-o' 'cmTC_f8b91' '-mtune=generic' '-march=x86-64']
  link line: [ /softs/gcc/7.3.0/libexec/gcc/x86_64-pc-linux-gnu/7.3.0/collect2 -plugin /softs/gcc/7.3.0/libexec/gcc/x86_64-pc-linux-gnu/7.3.0/liblto_plugin.so -plugin-opt=/softs/gcc/7.3.0/libexec/gcc/x86_64-pc-linux-gnu/7.3.0/lto-wrapper -plugin-opt=-fresolution=/tmp/ccuKkRLM.res -plugin-opt=-pass-through=-lgcc -plugin-opt=-pass-through=-lgcc_s -plugin-opt=-pass-through=-lc -plugin-opt=-pass-through=-lgcc -plugin-opt=-pass-through=-lgcc_s --eh-frame-hdr -m elf_x86_64 -export-dynamic -dynamic-linker /lib64/ld-linux-x86-64.so.2 -o cmTC_f8b91 /usr/lib/../lib64/crt1.o /usr/lib/../lib64/crti.o /softs/gcc/7.3.0/lib/gcc/x86_64-pc-linux-gnu/7.3.0/crtbegin.o -L/softs/gcc/7.3.0/lib/gcc/x86_64-pc-linux-gnu/7.3.0 -L/softs/gcc/7.3.0/lib/gcc/x86_64-pc-linux-gnu/7.3.0/../../../../lib64 -L/lib/../lib64 -L/usr/lib/../lib64 -L/softs/intel/composer_xe_2013_sp1.1.106/compiler/lib/intel64 -L/softs/intel/composer_xe_2013_sp1.1.106/ipp/../compiler/lib/intel64 -L/softs/intel/composer_xe_2013_sp1.1.106/ipp/lib/intel64 -L/softs/intel/composer_xe_2013_sp1.1.106/compiler/lib/intel64 -L/softs/intel/composer_xe_2013_sp1.1.106/mkl/lib/intel64 -L/softs/intel/composer_xe_2013_sp1.1.106/tbb/lib/intel64/gcc4.4 -L/softs/gcc/7.3.0/lib/gcc/x86_64-pc-linux-gnu/7.3.0/../../.. CMakeFiles/cmTC_f8b91.dir/CMakeCCompilerABI.c.o -lgcc --as-needed -lgcc_s --no-as-needed -lc -lgcc --as-needed -lgcc_s --no-as-needed /softs/gcc/7.3.0/lib/gcc/x86_64-pc-linux-gnu/7.3.0/crtend.o /usr/lib/../lib64/crtn.o]
    arg [/softs/gcc/7.3.0/libexec/gcc/x86_64-pc-linux-gnu/7.3.0/collect2] ==> ignore
    arg [-plugin] ==> ignore
    arg [/softs/gcc/7.3.0/libexec/gcc/x86_64-pc-linux-gnu/7.3.0/liblto_plugin.so] ==> ignore
    arg [-plugin-opt=/softs/gcc/7.3.0/libexec/gcc/x86_64-pc-linux-gnu/7.3.0/lto-wrapper] ==> ignore
    arg [-plugin-opt=-fresolution=/tmp/ccuKkRLM.res] ==> ignore
    arg [-plugin-opt=-pass-through=-lgcc] ==> ignore
    arg [-plugin-opt=-pass-through=-lgcc_s] ==> ignore
    arg [-plugin-opt=-pass-through=-lc] ==> ignore
    arg [-plugin-opt=-pass-through=-lgcc] ==> ignore
    arg [-plugin-opt=-pass-through=-lgcc_s] ==> ignore
    arg [--eh-frame-hdr] ==> ignore
    arg [-m] ==> ignore
    arg [elf_x86_64] ==> ignore
    arg [-export-dynamic] ==> ignore
    arg [-dynamic-linker] ==> ignore
    arg [/lib64/ld-linux-x86-64.so.2] ==> ignore
    arg [-o] ==> ignore
    arg [cmTC_f8b91] ==> ignore
    arg [/usr/lib/../lib64/crt1.o] ==> ignore
    arg [/usr/lib/../lib64/crti.o] ==> ignore
    arg [/softs/gcc/7.3.0/lib/gcc/x86_64-pc-linux-gnu/7.3.0/crtbegin.o] ==> ignore
    arg [-L/softs/gcc/7.3.0/lib/gcc/x86_64-pc-linux-gnu/7.3.0] ==> dir [/softs/gcc/7.3.0/lib/gcc/x86_64-pc-linux-gnu/7.3.0]
    arg [-L/softs/gcc/7.3.0/lib/gcc/x86_64-pc-linux-gnu/7.3.0/../../../../lib64] ==> dir [/softs/gcc/7.3.0/lib/gcc/x86_64-pc-linux-gnu/7.3.0/../../../../lib64]
    arg [-L/lib/../lib64] ==> dir [/lib/../lib64]
    arg [-L/usr/lib/../lib64] ==> dir [/usr/lib/../lib64]
    arg [-L/softs/intel/composer_xe_2013_sp1.1.106/compiler/lib/intel64] ==> dir [/softs/intel/composer_xe_2013_sp1.1.106/compiler/lib/intel64]
    arg [-L/softs/intel/composer_xe_2013_sp1.1.106/ipp/../compiler/lib/intel64] ==> dir [/softs/intel/composer_xe_2013_sp1.1.106/ipp/../compiler/lib/intel64]
    arg [-L/softs/intel/composer_xe_2013_sp1.1.106/ipp/lib/intel64] ==> dir [/softs/intel/composer_xe_2013_sp1.1.106/ipp/lib/intel64]
    arg [-L/softs/intel/composer_xe_2013_sp1.1.106/compiler/lib/intel64] ==> dir [/softs/intel/composer_xe_2013_sp1.1.106/compiler/lib/intel64]
    arg [-L/softs/intel/composer_xe_2013_sp1.1.106/mkl/lib/intel64] ==> dir [/softs/intel/composer_xe_2013_sp1.1.106/mkl/lib/intel64]
    arg [-L/softs/intel/composer_xe_2013_sp1.1.106/tbb/lib/intel64/gcc4.4] ==> dir [/softs/intel/composer_xe_2013_sp1.1.106/tbb/lib/intel64/gcc4.4]
    arg [-L/softs/gcc/7.3.0/lib/gcc/x86_64-pc-linux-gnu/7.3.0/../../..] ==> dir [/softs/gcc/7.3.0/lib/gcc/x86_64-pc-linux-gnu/7.3.0/../../..]
    arg [CMakeFiles/cmTC_f8b91.dir/CMakeCCompilerABI.c.o] ==> ignore
    arg [-lgcc] ==> lib [gcc]
    arg [--as-needed] ==> ignore
    arg [-lgcc_s] ==> lib [gcc_s]
    arg [--no-as-needed] ==> ignore
    arg [-lc] ==> lib [c]
    arg [-lgcc] ==> lib [gcc]
    arg [--as-needed] ==> ignore
    arg [-lgcc_s] ==> lib [gcc_s]
    arg [--no-as-needed] ==> ignore
    arg [/softs/gcc/7.3.0/lib/gcc/x86_64-pc-linux-gnu/7.3.0/crtend.o] ==> ignore
    arg [/usr/lib/../lib64/crtn.o] ==> ignore
  collapse library dir [/softs/gcc/7.3.0/lib/gcc/x86_64-pc-linux-gnu/7.3.0] ==> [/softs/gcc/7.3.0/lib/gcc/x86_64-pc-linux-gnu/7.3.0]
  collapse library dir [/softs/gcc/7.3.0/lib/gcc/x86_64-pc-linux-gnu/7.3.0/../../../../lib64] ==> [/softs/gcc/7.3.0/lib64]
  collapse library dir [/lib/../lib64] ==> [/lib64]
  collapse library dir [/usr/lib/../lib64] ==> [/usr/lib64]
  collapse library dir [/softs/intel/composer_xe_2013_sp1.1.106/compiler/lib/intel64] ==> [/softs/intel/composer_xe_2013_sp1.1.106/compiler/lib/intel64]
  collapse library dir [/softs/intel/composer_xe_2013_sp1.1.106/ipp/../compiler/lib/intel64] ==> [/softs/intel/composer_xe_2013_sp1.1.106/compiler/lib/intel64]
  collapse library dir [/softs/intel/composer_xe_2013_sp1.1.106/ipp/lib/intel64] ==> [/softs/intel/composer_xe_2013_sp1.1.106/ipp/lib/intel64]
  collapse library dir [/softs/intel/composer_xe_2013_sp1.1.106/compiler/lib/intel64] ==> [/softs/intel/composer_xe_2013_sp1.1.106/compiler/lib/intel64]
  collapse library dir [/softs/intel/composer_xe_2013_sp1.1.106/mkl/lib/intel64] ==> [/softs/intel/composer_xe_2013_sp1.1.106/mkl/lib/intel64]
  collapse library dir [/softs/intel/composer_xe_2013_sp1.1.106/tbb/lib/intel64/gcc4.4] ==> [/softs/intel/composer_xe_2013_sp1.1.106/tbb/lib/intel64/gcc4.4]
  collapse library dir [/softs/gcc/7.3.0/lib/gcc/x86_64-pc-linux-gnu/7.3.0/../../..] ==> [/softs/gcc/7.3.0/lib]
  implicit libs: [gcc;gcc_s;c;gcc;gcc_s]
  implicit dirs: [/softs/gcc/7.3.0/lib/gcc/x86_64-pc-linux-gnu/7.3.0;/softs/gcc/7.3.0/lib64;/lib64;/usr/lib64;/softs/intel/composer_xe_2013_sp1.1.106/compiler/lib/intel64;/softs/intel/composer_xe_2013_sp1.1.106/ipp/lib/intel64;/softs/intel/composer_xe_2013_sp1.1.106/mkl/lib/intel64;/softs/intel/composer_xe_2013_sp1.1.106/tbb/lib/intel64/gcc4.4;/softs/gcc/7.3.0/lib]
  implicit fwks: []


Determining if the CXX compiler works passed with the following output:
Change Dir: /gext/benjamin.bourbon/github/ParallelProgrammingCourse/TPs/ParallelProgrammingTP/build/CMakeFiles/CMakeTmp

Run Build Command(s):/usr/bin/gmake cmTC_5f053/fast && /usr/bin/gmake -f CMakeFiles/cmTC_5f053.dir/build.make CMakeFiles/cmTC_5f053.dir/build
gmake[1]: Entering directory `/home/gext/benjamin.bourbon/github/ParallelProgrammingCourse/TPs/ParallelProgrammingTP/build/CMakeFiles/CMakeTmp'
Building CXX object CMakeFiles/cmTC_5f053.dir/testCXXCompiler.cxx.o
/softs/gcc/7.3.0/bin/g++     -o CMakeFiles/cmTC_5f053.dir/testCXXCompiler.cxx.o -c /gext/benjamin.bourbon/github/ParallelProgrammingCourse/TPs/ParallelProgrammingTP/build/CMakeFiles/CMakeTmp/testCXXCompiler.cxx
Linking CXX executable cmTC_5f053
/softs/cmake/3.16.5/bin/cmake -E cmake_link_script CMakeFiles/cmTC_5f053.dir/link.txt --verbose=1
/softs/gcc/7.3.0/bin/g++       -rdynamic CMakeFiles/cmTC_5f053.dir/testCXXCompiler.cxx.o  -o cmTC_5f053 
gmake[1]: Leaving directory `/home/gext/benjamin.bourbon/github/ParallelProgrammingCourse/TPs/ParallelProgrammingTP/build/CMakeFiles/CMakeTmp'



Detecting CXX compiler ABI info compiled with the following output:
Change Dir: /gext/benjamin.bourbon/github/ParallelProgrammingCourse/TPs/ParallelProgrammingTP/build/CMakeFiles/CMakeTmp

Run Build Command(s):/usr/bin/gmake cmTC_582a7/fast && /usr/bin/gmake -f CMakeFiles/cmTC_582a7.dir/build.make CMakeFiles/cmTC_582a7.dir/build
gmake[1]: Entering directory `/home/gext/benjamin.bourbon/github/ParallelProgrammingCourse/TPs/ParallelProgrammingTP/build/CMakeFiles/CMakeTmp'
Building CXX object CMakeFiles/cmTC_582a7.dir/CMakeCXXCompilerABI.cpp.o
/softs/gcc/7.3.0/bin/g++    -v -o CMakeFiles/cmTC_582a7.dir/CMakeCXXCompilerABI.cpp.o -c /softs/cmake/3.16.5/share/cmake-3.16/Modules/CMakeCXXCompilerABI.cpp
Using built-in specs.
COLLECT_GCC=/softs/gcc/7.3.0/bin/g++
Target: x86_64-pc-linux-gnu
Configured with: ../gcc-7.3.0/configure --prefix=/softs/gcc/7.3.0 --disable-multilib
Thread model: posix
gcc version 7.3.0 (GCC) 
COLLECT_GCC_OPTIONS='-v' '-o' 'CMakeFiles/cmTC_582a7.dir/CMakeCXXCompilerABI.cpp.o' '-c' '-shared-libgcc' '-mtune=generic' '-march=x86-64'
 /softs/gcc/7.3.0/libexec/gcc/x86_64-pc-linux-gnu/7.3.0/cc1plus -quiet -v -D_GNU_SOURCE /softs/cmake/3.16.5/share/cmake-3.16/Modules/CMakeCXXCompilerABI.cpp -quiet -dumpbase CMakeCXXCompilerABI.cpp -mtune=generic -march=x86-64 -auxbase-strip CMakeFiles/cmTC_582a7.dir/CMakeCXXCompilerABI.cpp.o -version -o /tmp/cc8pf5U9.s
GNU C++14 (GCC) version 7.3.0 (x86_64-pc-linux-gnu)
	compiled by GNU C version 7.3.0, GMP version 6.1.0, MPFR version 3.1.4, MPC version 1.0.3, isl version isl-0.16.1-GMP

GGC heuristics: --param ggc-min-expand=100 --param ggc-min-heapsize=131072
ignoring nonexistent directory "/softs/gcc/7.3.0/lib/gcc/x86_64-pc-linux-gnu/7.3.0/../../../../x86_64-pc-linux-gnu/include"
#include "..." search starts here:
#include <...> search starts here:
 /softs/intel/composer_xe_2013_sp1.1.106/mkl/include
 /softs/intel/composer_xe_2013_sp1.1.106/tbb/include
 /softs/gcc/7.3.0/lib/gcc/x86_64-pc-linux-gnu/7.3.0/../../../../include/c++/7.3.0
 /softs/gcc/7.3.0/lib/gcc/x86_64-pc-linux-gnu/7.3.0/../../../../include/c++/7.3.0/x86_64-pc-linux-gnu
 /softs/gcc/7.3.0/lib/gcc/x86_64-pc-linux-gnu/7.3.0/../../../../include/c++/7.3.0/backward
 /softs/gcc/7.3.0/lib/gcc/x86_64-pc-linux-gnu/7.3.0/include
 /usr/local/include
 /softs/gcc/7.3.0/include
 /softs/gcc/7.3.0/lib/gcc/x86_64-pc-linux-gnu/7.3.0/include-fixed
 /usr/include
End of search list.
GNU C++14 (GCC) version 7.3.0 (x86_64-pc-linux-gnu)
	compiled by GNU C version 7.3.0, GMP version 6.1.0, MPFR version 3.1.4, MPC version 1.0.3, isl version isl-0.16.1-GMP

GGC heuristics: --param ggc-min-expand=100 --param ggc-min-heapsize=131072
Compiler executable checksum: d195ce85ad14f0400d1e5bad7e2654a4
COLLECT_GCC_OPTIONS='-v' '-o' 'CMakeFiles/cmTC_582a7.dir/CMakeCXXCompilerABI.cpp.o' '-c' '-shared-libgcc' '-mtune=generic' '-march=x86-64'
 as -v --64 -o CMakeFiles/cmTC_582a7.dir/CMakeCXXCompilerABI.cpp.o /tmp/cc8pf5U9.s
GNU assembler version 2.32 (x86_64-pc-linux-gnu) using BFD version (GNU Binutils) 2.32
COMPILER_PATH=/softs/gcc/7.3.0/libexec/gcc/x86_64-pc-linux-gnu/7.3.0/:/softs/gcc/7.3.0/libexec/gcc/x86_64-pc-linux-gnu/7.3.0/:/softs/gcc/7.3.0/libexec/gcc/x86_64-pc-linux-gnu/:/softs/gcc/7.3.0/lib/gcc/x86_64-pc-linux-gnu/7.3.0/:/softs/gcc/7.3.0/lib/gcc/x86_64-pc-linux-gnu/
LIBRARY_PATH=/softs/gcc/7.3.0/lib/gcc/x86_64-pc-linux-gnu/7.3.0/:/softs/gcc/7.3.0/lib/gcc/x86_64-pc-linux-gnu/7.3.0/../../../../lib64/:/lib/../lib64/:/usr/lib/../lib64/:/softs/intel/composer_xe_2013_sp1.1.106/compiler/lib/intel64/:/softs/intel/composer_xe_2013_sp1.1.106/ipp/../compiler/lib/intel64/:/softs/intel/composer_xe_2013_sp1.1.106/ipp/lib/intel64/:/softs/intel/composer_xe_2013_sp1.1.106/compiler/lib/intel64/:/softs/intel/composer_xe_2013_sp1.1.106/mkl/lib/intel64/:/softs/intel/composer_xe_2013_sp1.1.106/tbb/lib/intel64/gcc4.4/:/softs/gcc/7.3.0/lib/gcc/x86_64-pc-linux-gnu/7.3.0/../../../:/lib/:/usr/lib/
COLLECT_GCC_OPTIONS='-v' '-o' 'CMakeFiles/cmTC_582a7.dir/CMakeCXXCompilerABI.cpp.o' '-c' '-shared-libgcc' '-mtune=generic' '-march=x86-64'
Linking CXX executable cmTC_582a7
/softs/cmake/3.16.5/bin/cmake -E cmake_link_script CMakeFiles/cmTC_582a7.dir/link.txt --verbose=1
/softs/gcc/7.3.0/bin/g++      -v -rdynamic CMakeFiles/cmTC_582a7.dir/CMakeCXXCompilerABI.cpp.o  -o cmTC_582a7 
Using built-in specs.
COLLECT_GCC=/softs/gcc/7.3.0/bin/g++
COLLECT_LTO_WRAPPER=/softs/gcc/7.3.0/libexec/gcc/x86_64-pc-linux-gnu/7.3.0/lto-wrapper
Target: x86_64-pc-linux-gnu
Configured with: ../gcc-7.3.0/configure --prefix=/softs/gcc/7.3.0 --disable-multilib
Thread model: posix
gcc version 7.3.0 (GCC) 
COMPILER_PATH=/softs/gcc/7.3.0/libexec/gcc/x86_64-pc-linux-gnu/7.3.0/:/softs/gcc/7.3.0/libexec/gcc/x86_64-pc-linux-gnu/7.3.0/:/softs/gcc/7.3.0/libexec/gcc/x86_64-pc-linux-gnu/:/softs/gcc/7.3.0/lib/gcc/x86_64-pc-linux-gnu/7.3.0/:/softs/gcc/7.3.0/lib/gcc/x86_64-pc-linux-gnu/
LIBRARY_PATH=/softs/gcc/7.3.0/lib/gcc/x86_64-pc-linux-gnu/7.3.0/:/softs/gcc/7.3.0/lib/gcc/x86_64-pc-linux-gnu/7.3.0/../../../../lib64/:/lib/../lib64/:/usr/lib/../lib64/:/softs/intel/composer_xe_2013_sp1.1.106/compiler/lib/intel64/:/softs/intel/composer_xe_2013_sp1.1.106/ipp/../compiler/lib/intel64/:/softs/intel/composer_xe_2013_sp1.1.106/ipp/lib/intel64/:/softs/intel/composer_xe_2013_sp1.1.106/compiler/lib/intel64/:/softs/intel/composer_xe_2013_sp1.1.106/mkl/lib/intel64/:/softs/intel/composer_xe_2013_sp1.1.106/tbb/lib/intel64/gcc4.4/:/softs/gcc/7.3.0/lib/gcc/x86_64-pc-linux-gnu/7.3.0/../../../:/lib/:/usr/lib/
COLLECT_GCC_OPTIONS='-v' '-rdynamic' '-o' 'cmTC_582a7' '-shared-libgcc' '-mtune=generic' '-march=x86-64'
 /softs/gcc/7.3.0/libexec/gcc/x86_64-pc-linux-gnu/7.3.0/collect2 -plugin /softs/gcc/7.3.0/libexec/gcc/x86_64-pc-linux-gnu/7.3.0/liblto_plugin.so -plugin-opt=/softs/gcc/7.3.0/libexec/gcc/x86_64-pc-linux-gnu/7.3.0/lto-wrapper -plugin-opt=-fresolution=/tmp/cchONq69.res -plugin-opt=-pass-through=-lgcc_s -plugin-opt=-pass-through=-lgcc -plugin-opt=-pass-through=-lc -plugin-opt=-pass-through=-lgcc_s -plugin-opt=-pass-through=-lgcc --eh-frame-hdr -m elf_x86_64 -export-dynamic -dynamic-linker /lib64/ld-linux-x86-64.so.2 -o cmTC_582a7 /usr/lib/../lib64/crt1.o /usr/lib/../lib64/crti.o /softs/gcc/7.3.0/lib/gcc/x86_64-pc-linux-gnu/7.3.0/crtbegin.o -L/softs/gcc/7.3.0/lib/gcc/x86_64-pc-linux-gnu/7.3.0 -L/softs/gcc/7.3.0/lib/gcc/x86_64-pc-linux-gnu/7.3.0/../../../../lib64 -L/lib/../lib64 -L/usr/lib/../lib64 -L/softs/intel/composer_xe_2013_sp1.1.106/compiler/lib/intel64 -L/softs/intel/composer_xe_2013_sp1.1.106/ipp/../compiler/lib/intel64 -L/softs/intel/composer_xe_2013_sp1.1.106/ipp/lib/intel64 -L/softs/intel/composer_xe_2013_sp1.1.106/compiler/lib/intel64 -L/softs/intel/composer_xe_2013_sp1.1.106/mkl/lib/intel64 -L/softs/intel/composer_xe_2013_sp1.1.106/tbb/lib/intel64/gcc4.4 -L/softs/gcc/7.3.0/lib/gcc/x86_64-pc-linux-gnu/7.3.0/../../.. CMakeFiles/cmTC_582a7.dir/CMakeCXXCompilerABI.cpp.o -lstdc++ -lm -lgcc_s -lgcc -lc -lgcc_s -lgcc /softs/gcc/7.3.0/lib/gcc/x86_64-pc-linux-gnu/7.3.0/crtend.o /usr/lib/../lib64/crtn.o
COLLECT_GCC_OPTIONS='-v' '-rdynamic' '-o' 'cmTC_582a7' '-shared-libgcc' '-mtune=generic' '-march=x86-64'
gmake[1]: Leaving directory `/home/gext/benjamin.bourbon/github/ParallelProgrammingCourse/TPs/ParallelProgrammingTP/build/CMakeFiles/CMakeTmp'



Parsed CXX implicit include dir info from above output: rv=done
  found start of include info
  found start of implicit include info
    add: [/softs/intel/composer_xe_2013_sp1.1.106/mkl/include]
    add: [/softs/intel/composer_xe_2013_sp1.1.106/tbb/include]
    add: [/softs/gcc/7.3.0/lib/gcc/x86_64-pc-linux-gnu/7.3.0/../../../../include/c++/7.3.0]
    add: [/softs/gcc/7.3.0/lib/gcc/x86_64-pc-linux-gnu/7.3.0/../../../../include/c++/7.3.0/x86_64-pc-linux-gnu]
    add: [/softs/gcc/7.3.0/lib/gcc/x86_64-pc-linux-gnu/7.3.0/../../../../include/c++/7.3.0/backward]
    add: [/softs/gcc/7.3.0/lib/gcc/x86_64-pc-linux-gnu/7.3.0/include]
    add: [/usr/local/include]
    add: [/softs/gcc/7.3.0/include]
    add: [/softs/gcc/7.3.0/lib/gcc/x86_64-pc-linux-gnu/7.3.0/include-fixed]
    add: [/usr/include]
  end of search list found
  collapse include dir [/softs/intel/composer_xe_2013_sp1.1.106/mkl/include] ==> [/softs/intel/composer_xe_2013_sp1.1.106/mkl/include]
  collapse include dir [/softs/intel/composer_xe_2013_sp1.1.106/tbb/include] ==> [/softs/intel/composer_xe_2013_sp1.1.106/tbb/include]
  collapse include dir [/softs/gcc/7.3.0/lib/gcc/x86_64-pc-linux-gnu/7.3.0/../../../../include/c++/7.3.0] ==> [/softs/gcc/7.3.0/include/c++/7.3.0]
  collapse include dir [/softs/gcc/7.3.0/lib/gcc/x86_64-pc-linux-gnu/7.3.0/../../../../include/c++/7.3.0/x86_64-pc-linux-gnu] ==> [/softs/gcc/7.3.0/include/c++/7.3.0/x86_64-pc-linux-gnu]
  collapse include dir [/softs/gcc/7.3.0/lib/gcc/x86_64-pc-linux-gnu/7.3.0/../../../../include/c++/7.3.0/backward] ==> [/softs/gcc/7.3.0/include/c++/7.3.0/backward]
  collapse include dir [/softs/gcc/7.3.0/lib/gcc/x86_64-pc-linux-gnu/7.3.0/include] ==> [/softs/gcc/7.3.0/lib/gcc/x86_64-pc-linux-gnu/7.3.0/include]
  collapse include dir [/usr/local/include] ==> [/usr/local/include]
  collapse include dir [/softs/gcc/7.3.0/include] ==> [/softs/gcc/7.3.0/include]
  collapse include dir [/softs/gcc/7.3.0/lib/gcc/x86_64-pc-linux-gnu/7.3.0/include-fixed] ==> [/softs/gcc/7.3.0/lib/gcc/x86_64-pc-linux-gnu/7.3.0/include-fixed]
  collapse include dir [/usr/include] ==> [/usr/include]
  implicit include dirs: [/softs/intel/composer_xe_2013_sp1.1.106/mkl/include;/softs/intel/composer_xe_2013_sp1.1.106/tbb/include;/softs/gcc/7.3.0/include/c++/7.3.0;/softs/gcc/7.3.0/include/c++/7.3.0/x86_64-pc-linux-gnu;/softs/gcc/7.3.0/include/c++/7.3.0/backward;/softs/gcc/7.3.0/lib/gcc/x86_64-pc-linux-gnu/7.3.0/include;/usr/local/include;/softs/gcc/7.3.0/include;/softs/gcc/7.3.0/lib/gcc/x86_64-pc-linux-gnu/7.3.0/include-fixed;/usr/include]


Parsed CXX implicit link information from above output:
  link line regex: [^( *|.*[/\])(ld|CMAKE_LINK_STARTFILE-NOTFOUND|([^/\]+-)?ld|collect2)[^/\]*( |$)]
  ignore line: [Change Dir: /gext/benjamin.bourbon/github/ParallelProgrammingCourse/TPs/ParallelProgrammingTP/build/CMakeFiles/CMakeTmp]
  ignore line: []
  ignore line: [Run Build Command(s):/usr/bin/gmake cmTC_582a7/fast && /usr/bin/gmake -f CMakeFiles/cmTC_582a7.dir/build.make CMakeFiles/cmTC_582a7.dir/build]
  ignore line: [gmake[1]: Entering directory `/home/gext/benjamin.bourbon/github/ParallelProgrammingCourse/TPs/ParallelProgrammingTP/build/CMakeFiles/CMakeTmp']
  ignore line: [Building CXX object CMakeFiles/cmTC_582a7.dir/CMakeCXXCompilerABI.cpp.o]
  ignore line: [/softs/gcc/7.3.0/bin/g++    -v -o CMakeFiles/cmTC_582a7.dir/CMakeCXXCompilerABI.cpp.o -c /softs/cmake/3.16.5/share/cmake-3.16/Modules/CMakeCXXCompilerABI.cpp]
  ignore line: [Using built-in specs.]
  ignore line: [COLLECT_GCC=/softs/gcc/7.3.0/bin/g++]
  ignore line: [Target: x86_64-pc-linux-gnu]
  ignore line: [Configured with: ../gcc-7.3.0/configure --prefix=/softs/gcc/7.3.0 --disable-multilib]
  ignore line: [Thread model: posix]
  ignore line: [gcc version 7.3.0 (GCC) ]
  ignore line: [COLLECT_GCC_OPTIONS='-v' '-o' 'CMakeFiles/cmTC_582a7.dir/CMakeCXXCompilerABI.cpp.o' '-c' '-shared-libgcc' '-mtune=generic' '-march=x86-64']
  ignore line: [ /softs/gcc/7.3.0/libexec/gcc/x86_64-pc-linux-gnu/7.3.0/cc1plus -quiet -v -D_GNU_SOURCE /softs/cmake/3.16.5/share/cmake-3.16/Modules/CMakeCXXCompilerABI.cpp -quiet -dumpbase CMakeCXXCompilerABI.cpp -mtune=generic -march=x86-64 -auxbase-strip CMakeFiles/cmTC_582a7.dir/CMakeCXXCompilerABI.cpp.o -version -o /tmp/cc8pf5U9.s]
  ignore line: [GNU C++14 (GCC) version 7.3.0 (x86_64-pc-linux-gnu)]
  ignore line: [	compiled by GNU C version 7.3.0  GMP version 6.1.0  MPFR version 3.1.4  MPC version 1.0.3  isl version isl-0.16.1-GMP]
  ignore line: []
  ignore line: [GGC heuristics: --param ggc-min-expand=100 --param ggc-min-heapsize=131072]
  ignore line: [ignoring nonexistent directory "/softs/gcc/7.3.0/lib/gcc/x86_64-pc-linux-gnu/7.3.0/../../../../x86_64-pc-linux-gnu/include"]
  ignore line: [#include "..." search starts here:]
  ignore line: [#include <...> search starts here:]
  ignore line: [ /softs/intel/composer_xe_2013_sp1.1.106/mkl/include]
  ignore line: [ /softs/intel/composer_xe_2013_sp1.1.106/tbb/include]
  ignore line: [ /softs/gcc/7.3.0/lib/gcc/x86_64-pc-linux-gnu/7.3.0/../../../../include/c++/7.3.0]
  ignore line: [ /softs/gcc/7.3.0/lib/gcc/x86_64-pc-linux-gnu/7.3.0/../../../../include/c++/7.3.0/x86_64-pc-linux-gnu]
  ignore line: [ /softs/gcc/7.3.0/lib/gcc/x86_64-pc-linux-gnu/7.3.0/../../../../include/c++/7.3.0/backward]
  ignore line: [ /softs/gcc/7.3.0/lib/gcc/x86_64-pc-linux-gnu/7.3.0/include]
  ignore line: [ /usr/local/include]
  ignore line: [ /softs/gcc/7.3.0/include]
  ignore line: [ /softs/gcc/7.3.0/lib/gcc/x86_64-pc-linux-gnu/7.3.0/include-fixed]
  ignore line: [ /usr/include]
  ignore line: [End of search list.]
  ignore line: [GNU C++14 (GCC) version 7.3.0 (x86_64-pc-linux-gnu)]
  ignore line: [	compiled by GNU C version 7.3.0  GMP version 6.1.0  MPFR version 3.1.4  MPC version 1.0.3  isl version isl-0.16.1-GMP]
  ignore line: []
  ignore line: [GGC heuristics: --param ggc-min-expand=100 --param ggc-min-heapsize=131072]
  ignore line: [Compiler executable checksum: d195ce85ad14f0400d1e5bad7e2654a4]
  ignore line: [COLLECT_GCC_OPTIONS='-v' '-o' 'CMakeFiles/cmTC_582a7.dir/CMakeCXXCompilerABI.cpp.o' '-c' '-shared-libgcc' '-mtune=generic' '-march=x86-64']
  ignore line: [ as -v --64 -o CMakeFiles/cmTC_582a7.dir/CMakeCXXCompilerABI.cpp.o /tmp/cc8pf5U9.s]
  ignore line: [GNU assembler version 2.32 (x86_64-pc-linux-gnu) using BFD version (GNU Binutils) 2.32]
  ignore line: [COMPILER_PATH=/softs/gcc/7.3.0/libexec/gcc/x86_64-pc-linux-gnu/7.3.0/:/softs/gcc/7.3.0/libexec/gcc/x86_64-pc-linux-gnu/7.3.0/:/softs/gcc/7.3.0/libexec/gcc/x86_64-pc-linux-gnu/:/softs/gcc/7.3.0/lib/gcc/x86_64-pc-linux-gnu/7.3.0/:/softs/gcc/7.3.0/lib/gcc/x86_64-pc-linux-gnu/]
  ignore line: [LIBRARY_PATH=/softs/gcc/7.3.0/lib/gcc/x86_64-pc-linux-gnu/7.3.0/:/softs/gcc/7.3.0/lib/gcc/x86_64-pc-linux-gnu/7.3.0/../../../../lib64/:/lib/../lib64/:/usr/lib/../lib64/:/softs/intel/composer_xe_2013_sp1.1.106/compiler/lib/intel64/:/softs/intel/composer_xe_2013_sp1.1.106/ipp/../compiler/lib/intel64/:/softs/intel/composer_xe_2013_sp1.1.106/ipp/lib/intel64/:/softs/intel/composer_xe_2013_sp1.1.106/compiler/lib/intel64/:/softs/intel/composer_xe_2013_sp1.1.106/mkl/lib/intel64/:/softs/intel/composer_xe_2013_sp1.1.106/tbb/lib/intel64/gcc4.4/:/softs/gcc/7.3.0/lib/gcc/x86_64-pc-linux-gnu/7.3.0/../../../:/lib/:/usr/lib/]
  ignore line: [COLLECT_GCC_OPTIONS='-v' '-o' 'CMakeFiles/cmTC_582a7.dir/CMakeCXXCompilerABI.cpp.o' '-c' '-shared-libgcc' '-mtune=generic' '-march=x86-64']
  ignore line: [Linking CXX executable cmTC_582a7]
  ignore line: [/softs/cmake/3.16.5/bin/cmake -E cmake_link_script CMakeFiles/cmTC_582a7.dir/link.txt --verbose=1]
  ignore line: [/softs/gcc/7.3.0/bin/g++      -v -rdynamic CMakeFiles/cmTC_582a7.dir/CMakeCXXCompilerABI.cpp.o  -o cmTC_582a7 ]
  ignore line: [Using built-in specs.]
  ignore line: [COLLECT_GCC=/softs/gcc/7.3.0/bin/g++]
  ignore line: [COLLECT_LTO_WRAPPER=/softs/gcc/7.3.0/libexec/gcc/x86_64-pc-linux-gnu/7.3.0/lto-wrapper]
  ignore line: [Target: x86_64-pc-linux-gnu]
  ignore line: [Configured with: ../gcc-7.3.0/configure --prefix=/softs/gcc/7.3.0 --disable-multilib]
  ignore line: [Thread model: posix]
  ignore line: [gcc version 7.3.0 (GCC) ]
  ignore line: [COMPILER_PATH=/softs/gcc/7.3.0/libexec/gcc/x86_64-pc-linux-gnu/7.3.0/:/softs/gcc/7.3.0/libexec/gcc/x86_64-pc-linux-gnu/7.3.0/:/softs/gcc/7.3.0/libexec/gcc/x86_64-pc-linux-gnu/:/softs/gcc/7.3.0/lib/gcc/x86_64-pc-linux-gnu/7.3.0/:/softs/gcc/7.3.0/lib/gcc/x86_64-pc-linux-gnu/]
  ignore line: [LIBRARY_PATH=/softs/gcc/7.3.0/lib/gcc/x86_64-pc-linux-gnu/7.3.0/:/softs/gcc/7.3.0/lib/gcc/x86_64-pc-linux-gnu/7.3.0/../../../../lib64/:/lib/../lib64/:/usr/lib/../lib64/:/softs/intel/composer_xe_2013_sp1.1.106/compiler/lib/intel64/:/softs/intel/composer_xe_2013_sp1.1.106/ipp/../compiler/lib/intel64/:/softs/intel/composer_xe_2013_sp1.1.106/ipp/lib/intel64/:/softs/intel/composer_xe_2013_sp1.1.106/compiler/lib/intel64/:/softs/intel/composer_xe_2013_sp1.1.106/mkl/lib/intel64/:/softs/intel/composer_xe_2013_sp1.1.106/tbb/lib/intel64/gcc4.4/:/softs/gcc/7.3.0/lib/gcc/x86_64-pc-linux-gnu/7.3.0/../../../:/lib/:/usr/lib/]
  ignore line: [COLLECT_GCC_OPTIONS='-v' '-rdynamic' '-o' 'cmTC_582a7' '-shared-libgcc' '-mtune=generic' '-march=x86-64']
  link line: [ /softs/gcc/7.3.0/libexec/gcc/x86_64-pc-linux-gnu/7.3.0/collect2 -plugin /softs/gcc/7.3.0/libexec/gcc/x86_64-pc-linux-gnu/7.3.0/liblto_plugin.so -plugin-opt=/softs/gcc/7.3.0/libexec/gcc/x86_64-pc-linux-gnu/7.3.0/lto-wrapper -plugin-opt=-fresolution=/tmp/cchONq69.res -plugin-opt=-pass-through=-lgcc_s -plugin-opt=-pass-through=-lgcc -plugin-opt=-pass-through=-lc -plugin-opt=-pass-through=-lgcc_s -plugin-opt=-pass-through=-lgcc --eh-frame-hdr -m elf_x86_64 -export-dynamic -dynamic-linker /lib64/ld-linux-x86-64.so.2 -o cmTC_582a7 /usr/lib/../lib64/crt1.o /usr/lib/../lib64/crti.o /softs/gcc/7.3.0/lib/gcc/x86_64-pc-linux-gnu/7.3.0/crtbegin.o -L/softs/gcc/7.3.0/lib/gcc/x86_64-pc-linux-gnu/7.3.0 -L/softs/gcc/7.3.0/lib/gcc/x86_64-pc-linux-gnu/7.3.0/../../../../lib64 -L/lib/../lib64 -L/usr/lib/../lib64 -L/softs/intel/composer_xe_2013_sp1.1.106/compiler/lib/intel64 -L/softs/intel/composer_xe_2013_sp1.1.106/ipp/../compiler/lib/intel64 -L/softs/intel/composer_xe_2013_sp1.1.106/ipp/lib/intel64 -L/softs/intel/composer_xe_2013_sp1.1.106/compiler/lib/intel64 -L/softs/intel/composer_xe_2013_sp1.1.106/mkl/lib/intel64 -L/softs/intel/composer_xe_2013_sp1.1.106/tbb/lib/intel64/gcc4.4 -L/softs/gcc/7.3.0/lib/gcc/x86_64-pc-linux-gnu/7.3.0/../../.. CMakeFiles/cmTC_582a7.dir/CMakeCXXCompilerABI.cpp.o -lstdc++ -lm -lgcc_s -lgcc -lc -lgcc_s -lgcc /softs/gcc/7.3.0/lib/gcc/x86_64-pc-linux-gnu/7.3.0/crtend.o /usr/lib/../lib64/crtn.o]
    arg [/softs/gcc/7.3.0/libexec/gcc/x86_64-pc-linux-gnu/7.3.0/collect2] ==> ignore
    arg [-plugin] ==> ignore
    arg [/softs/gcc/7.3.0/libexec/gcc/x86_64-pc-linux-gnu/7.3.0/liblto_plugin.so] ==> ignore
    arg [-plugin-opt=/softs/gcc/7.3.0/libexec/gcc/x86_64-pc-linux-gnu/7.3.0/lto-wrapper] ==> ignore
    arg [-plugin-opt=-fresolution=/tmp/cchONq69.res] ==> ignore
    arg [-plugin-opt=-pass-through=-lgcc_s] ==> ignore
    arg [-plugin-opt=-pass-through=-lgcc] ==> ignore
    arg [-plugin-opt=-pass-through=-lc] ==> ignore
    arg [-plugin-opt=-pass-through=-lgcc_s] ==> ignore
    arg [-plugin-opt=-pass-through=-lgcc] ==> ignore
    arg [--eh-frame-hdr] ==> ignore
    arg [-m] ==> ignore
    arg [elf_x86_64] ==> ignore
    arg [-export-dynamic] ==> ignore
    arg [-dynamic-linker] ==> ignore
    arg [/lib64/ld-linux-x86-64.so.2] ==> ignore
    arg [-o] ==> ignore
    arg [cmTC_582a7] ==> ignore
    arg [/usr/lib/../lib64/crt1.o] ==> ignore
    arg [/usr/lib/../lib64/crti.o] ==> ignore
    arg [/softs/gcc/7.3.0/lib/gcc/x86_64-pc-linux-gnu/7.3.0/crtbegin.o] ==> ignore
    arg [-L/softs/gcc/7.3.0/lib/gcc/x86_64-pc-linux-gnu/7.3.0] ==> dir [/softs/gcc/7.3.0/lib/gcc/x86_64-pc-linux-gnu/7.3.0]
    arg [-L/softs/gcc/7.3.0/lib/gcc/x86_64-pc-linux-gnu/7.3.0/../../../../lib64] ==> dir [/softs/gcc/7.3.0/lib/gcc/x86_64-pc-linux-gnu/7.3.0/../../../../lib64]
    arg [-L/lib/../lib64] ==> dir [/lib/../lib64]
    arg [-L/usr/lib/../lib64] ==> dir [/usr/lib/../lib64]
    arg [-L/softs/intel/composer_xe_2013_sp1.1.106/compiler/lib/intel64] ==> dir [/softs/intel/composer_xe_2013_sp1.1.106/compiler/lib/intel64]
    arg [-L/softs/intel/composer_xe_2013_sp1.1.106/ipp/../compiler/lib/intel64] ==> dir [/softs/intel/composer_xe_2013_sp1.1.106/ipp/../compiler/lib/intel64]
    arg [-L/softs/intel/composer_xe_2013_sp1.1.106/ipp/lib/intel64] ==> dir [/softs/intel/composer_xe_2013_sp1.1.106/ipp/lib/intel64]
    arg [-L/softs/intel/composer_xe_2013_sp1.1.106/compiler/lib/intel64] ==> dir [/softs/intel/composer_xe_2013_sp1.1.106/compiler/lib/intel64]
    arg [-L/softs/intel/composer_xe_2013_sp1.1.106/mkl/lib/intel64] ==> dir [/softs/intel/composer_xe_2013_sp1.1.106/mkl/lib/intel64]
    arg [-L/softs/intel/composer_xe_2013_sp1.1.106/tbb/lib/intel64/gcc4.4] ==> dir [/softs/intel/composer_xe_2013_sp1.1.106/tbb/lib/intel64/gcc4.4]
    arg [-L/softs/gcc/7.3.0/lib/gcc/x86_64-pc-linux-gnu/7.3.0/../../..] ==> dir [/softs/gcc/7.3.0/lib/gcc/x86_64-pc-linux-gnu/7.3.0/../../..]
    arg [CMakeFiles/cmTC_582a7.dir/CMakeCXXCompilerABI.cpp.o] ==> ignore
    arg [-lstdc++] ==> lib [stdc++]
    arg [-lm] ==> lib [m]
    arg [-lgcc_s] ==> lib [gcc_s]
    arg [-lgcc] ==> lib [gcc]
    arg [-lc] ==> lib [c]
    arg [-lgcc_s] ==> lib [gcc_s]
    arg [-lgcc] ==> lib [gcc]
    arg [/softs/gcc/7.3.0/lib/gcc/x86_64-pc-linux-gnu/7.3.0/crtend.o] ==> ignore
    arg [/usr/lib/../lib64/crtn.o] ==> ignore
  collapse library dir [/softs/gcc/7.3.0/lib/gcc/x86_64-pc-linux-gnu/7.3.0] ==> [/softs/gcc/7.3.0/lib/gcc/x86_64-pc-linux-gnu/7.3.0]
  collapse library dir [/softs/gcc/7.3.0/lib/gcc/x86_64-pc-linux-gnu/7.3.0/../../../../lib64] ==> [/softs/gcc/7.3.0/lib64]
  collapse library dir [/lib/../lib64] ==> [/lib64]
  collapse library dir [/usr/lib/../lib64] ==> [/usr/lib64]
  collapse library dir [/softs/intel/composer_xe_2013_sp1.1.106/compiler/lib/intel64] ==> [/softs/intel/composer_xe_2013_sp1.1.106/compiler/lib/intel64]
  collapse library dir [/softs/intel/composer_xe_2013_sp1.1.106/ipp/../compiler/lib/intel64] ==> [/softs/intel/composer_xe_2013_sp1.1.106/compiler/lib/intel64]
  collapse library dir [/softs/intel/composer_xe_2013_sp1.1.106/ipp/lib/intel64] ==> [/softs/intel/composer_xe_2013_sp1.1.106/ipp/lib/intel64]
  collapse library dir [/softs/intel/composer_xe_2013_sp1.1.106/compiler/lib/intel64] ==> [/softs/intel/composer_xe_2013_sp1.1.106/compiler/lib/intel64]
  collapse library dir [/softs/intel/composer_xe_2013_sp1.1.106/mkl/lib/intel64] ==> [/softs/intel/composer_xe_2013_sp1.1.106/mkl/lib/intel64]
  collapse library dir [/softs/intel/composer_xe_2013_sp1.1.106/tbb/lib/intel64/gcc4.4] ==> [/softs/intel/composer_xe_2013_sp1.1.106/tbb/lib/intel64/gcc4.4]
  collapse library dir [/softs/gcc/7.3.0/lib/gcc/x86_64-pc-linux-gnu/7.3.0/../../..] ==> [/softs/gcc/7.3.0/lib]
  implicit libs: [stdc++;m;gcc_s;gcc;c;gcc_s;gcc]
  implicit dirs: [/softs/gcc/7.3.0/lib/gcc/x86_64-pc-linux-gnu/7.3.0;/softs/gcc/7.3.0/lib64;/lib64;/usr/lib64;/softs/intel/composer_xe_2013_sp1.1.106/compiler/lib/intel64;/softs/intel/composer_xe_2013_sp1.1.106/ipp/lib/intel64;/softs/intel/composer_xe_2013_sp1.1.106/mkl/lib/intel64;/softs/intel/composer_xe_2013_sp1.1.106/tbb/lib/intel64/gcc4.4;/softs/gcc/7.3.0/lib]
  implicit fwks: []


Performing C++ SOURCE FILE Test COMPILER_SUPPORTS_CXX14 succeeded with the following output:
Change Dir: /gext/benjamin.bourbon/github/ParallelProgrammingCourse/TPs/ParallelProgrammingTP/build/CMakeFiles/CMakeTmp

Run Build Command(s):/usr/bin/gmake cmTC_592e2/fast && /usr/bin/gmake -f CMakeFiles/cmTC_592e2.dir/build.make CMakeFiles/cmTC_592e2.dir/build
gmake[1]: Entering directory `/home/gext/benjamin.bourbon/github/ParallelProgrammingCourse/TPs/ParallelProgrammingTP/build/CMakeFiles/CMakeTmp'
Building CXX object CMakeFiles/cmTC_592e2.dir/src.cxx.o
/softs/gcc/7.3.0/bin/g++    -DCOMPILER_SUPPORTS_CXX14   -std=c++14 -o CMakeFiles/cmTC_592e2.dir/src.cxx.o -c /gext/benjamin.bourbon/github/ParallelProgrammingCourse/TPs/ParallelProgrammingTP/build/CMakeFiles/CMakeTmp/src.cxx
Linking CXX executable cmTC_592e2
/softs/cmake/3.16.5/bin/cmake -E cmake_link_script CMakeFiles/cmTC_592e2.dir/link.txt --verbose=1
/softs/gcc/7.3.0/bin/g++   -DCOMPILER_SUPPORTS_CXX14    CMakeFiles/cmTC_592e2.dir/src.cxx.o  -o cmTC_592e2 
gmake[1]: Leaving directory `/home/gext/benjamin.bourbon/github/ParallelProgrammingCourse/TPs/ParallelProgrammingTP/build/CMakeFiles/CMakeTmp'


Source file was:
int main() { return 0; }
Performing C++ SOURCE FILE Test COMPILER_SUPPORTS_CXX11 succeeded with the following output:
Change Dir: /gext/benjamin.bourbon/github/ParallelProgrammingCourse/TPs/ParallelProgrammingTP/build/CMakeFiles/CMakeTmp

Run Build Command(s):/usr/bin/gmake cmTC_29a84/fast && /usr/bin/gmake -f CMakeFiles/cmTC_29a84.dir/build.make CMakeFiles/cmTC_29a84.dir/build
gmake[1]: Entering directory `/home/gext/benjamin.bourbon/github/ParallelProgrammingCourse/TPs/ParallelProgrammingTP/build/CMakeFiles/CMakeTmp'
Building CXX object CMakeFiles/cmTC_29a84.dir/src.cxx.o
/softs/gcc/7.3.0/bin/g++    -DCOMPILER_SUPPORTS_CXX11   -std=c++11 -o CMakeFiles/cmTC_29a84.dir/src.cxx.o -c /gext/benjamin.bourbon/github/ParallelProgrammingCourse/TPs/ParallelProgrammingTP/build/CMakeFiles/CMakeTmp/src.cxx
Linking CXX executable cmTC_29a84
/softs/cmake/3.16.5/bin/cmake -E cmake_link_script CMakeFiles/cmTC_29a84.dir/link.txt --verbose=1
/softs/gcc/7.3.0/bin/g++   -DCOMPILER_SUPPORTS_CXX11    CMakeFiles/cmTC_29a84.dir/src.cxx.o  -o cmTC_29a84 
gmake[1]: Leaving directory `/home/gext/benjamin.bourbon/github/ParallelProgrammingCourse/TPs/ParallelProgrammingTP/build/CMakeFiles/CMakeTmp'


Source file was:
int main() { return 0; }
Performing C++ SOURCE FILE Test COMPILER_SUPPORTS_CXX0X succeeded with the following output:
Change Dir: /gext/benjamin.bourbon/github/ParallelProgrammingCourse/TPs/ParallelProgrammingTP/build/CMakeFiles/CMakeTmp

Run Build Command(s):/usr/bin/gmake cmTC_ae773/fast && /usr/bin/gmake -f CMakeFiles/cmTC_ae773.dir/build.make CMakeFiles/cmTC_ae773.dir/build
gmake[1]: Entering directory `/home/gext/benjamin.bourbon/github/ParallelProgrammingCourse/TPs/ParallelProgrammingTP/build/CMakeFiles/CMakeTmp'
Building CXX object CMakeFiles/cmTC_ae773.dir/src.cxx.o
/softs/gcc/7.3.0/bin/g++    -DCOMPILER_SUPPORTS_CXX0X   -std=c++0x -o CMakeFiles/cmTC_ae773.dir/src.cxx.o -c /gext/benjamin.bourbon/github/ParallelProgrammingCourse/TPs/ParallelProgrammingTP/build/CMakeFiles/CMakeTmp/src.cxx
Linking CXX executable cmTC_ae773
/softs/cmake/3.16.5/bin/cmake -E cmake_link_script CMakeFiles/cmTC_ae773.dir/link.txt --verbose=1
/softs/gcc/7.3.0/bin/g++   -DCOMPILER_SUPPORTS_CXX0X    CMakeFiles/cmTC_ae773.dir/src.cxx.o  -o cmTC_ae773 
gmake[1]: Leaving directory `/home/gext/benjamin.bourbon/github/ParallelProgrammingCourse/TPs/ParallelProgrammingTP/build/CMakeFiles/CMakeTmp'


Source file was:
int main() { return 0; }
