Start computation
Wed Dec 18 16:04:33 CET 2024
Execution on 32 cores
./freebirds: error while loading shared libraries: libtbb.so.12: cannot open shared object file: No such file or directory
./freebirds: error while loading shared libraries: libtbb.so.12: cannot open shared object file: No such file or directory
./freebirds: error while loading shared libraries: libtbb.so.12: cannot open shared object file: No such file or directory
./freebirds: error while loading shared libraries: libtbb.so.12: cannot open shared object file: No such file or directory
./freebirds: error while loading shared libraries: libtbb.so.12: cannot open shared object file: No such file or directory
./freebirds: error while loading shared libraries: libtbb.so.12: cannot open shared object file: No such file or directory
./freebirds: error while loading shared libraries: libtbb.so.12: cannot open shared object file: No such file or directory
./freebirds: error while loading shared libraries: libtbb.so.12: cannot open shared object file: No such file or directory
./freebirds: error while loading shared libraries: libtbb.so.12: cannot open shared object file: No such file or directory
./freebirds: error while loading shared libraries: libtbb.so.12: cannot open shared object file: No such file or directory
./freebirds: error while loading shared libraries: libtbb.so.12: cannot open shared object file: No such file or directory
./freebirds: error while loading shared libraries: libtbb.so.12: cannot open shared object file: No such file or directory
./freebirds: error while loading shared libraries: libtbb.so.12: cannot open shared object file: No such file or directory
./freebirds: error while loading shared libraries: libtbb.so.12: cannot open shared object file: No such file or directory
./freebirds: error while loading shared libraries: libtbb.so.12: cannot open shared object file: No such file or directory
./freebirds: error while loading shared libraries: libtbb.so.12: cannot open shared object file: No such file or directory
./freebirds: error while loading shared libraries: libtbb.so.12: cannot open shared object file: No such file or directory
./freebirds: error while loading shared libraries: libtbb.so.12: cannot open shared object file: No such file or directory
./freebirds: error while loading shared libraries: libtbb.so.12: cannot open shared object file: No such file or directory
./freebirds: error while loading shared libraries: libtbb.so.12: cannot open shared object file: No such file or directory
./freebirds: error while loading shared libraries: libtbb.so.12: cannot open shared object file: No such file or directory
./freebirds: error while loading shared libraries: libtbb.so.12: cannot open shared object file: No such file or directory
./freebirds: error while loading shared libraries: libtbb.so.12: cannot open shared object file: No such file or directory
./freebirds: error while loading shared libraries: libtbb.so.12: cannot open shared object file: No such file or directory
./freebirds: error while loading shared libraries: libtbb.so.12: cannot open shared object file: No such file or directory
./freebirds: error while loading shared libraries: libtbb.so.12: cannot open shared object file: No such file or directory
./freebirds: error while loading shared libraries: libtbb.so.12: cannot open shared object file: No such file or directory
./freebirds: error while loading shared libraries: libtbb.so.12: cannot open shared object file: No such file or directory
./freebirds: error while loading shared libraries: libtbb.so.12: cannot open shared object file: No such file or directory
./freebirds: error while loading shared libraries: libtbb.so.12: cannot open shared object file: No such file or directory
./freebirds: error while loading shared libraries: libtbb.so.12: cannot open shared object file: No such file or directory
./freebirds: error while loading shared libraries: libtbb.so.12: cannot open shared object file: No such file or directory
./freebirds: error while loading shared libraries: libtbb.so.12: cannot open shared object file: No such file or directory
./freebirds: error while loading shared libraries: libtbb.so.12: cannot open shared object file: No such file or directory
./freebirds: error while loading shared libraries: libtbb.so.12: cannot open shared object file: No such file or directory
./freebirds: error while loading shared libraries: libtbb.so.12: cannot open shared object file: No such file or directory
./freebirds: error while loading shared libraries: libtbb.so.12: cannot open shared object file: No such file or directory
./freebirds: error while loading shared libraries: libtbb.so.12: cannot open shared object file: No such file or directory
./freebirds: error while loading shared libraries: libtbb.so.12: cannot open shared object file: No such file or directory
./freebirds: error while loading shared libraries: libtbb.so.12: cannot open shared object file: No such file or directory
./freebirds: error while loading shared libraries: libtbb.so.12: cannot open shared object file: No such file or directory
./freebirds: error while loading shared libraries: libtbb.so.12: cannot open shared object file: No such file or directory
./freebirds: error while loading shared libraries: libtbb.so.12: cannot open shared object file: No such file or directory
./freebirds: error while loading shared libraries: libtbb.so.12: cannot open shared object file: No such file or directory
./freebirds: error while loading shared libraries: libtbb.so.12: cannot open shared object file: No such file or directory
./freebirds: error while loading shared libraries: libtbb.so.12: cannot open shared object file: No such file or directory
./freebirds: error while loading shared libraries: libtbb.so.12: cannot open shared object file: No such file or directory
./freebirds: error while loading shared libraries: libtbb.so.12: cannot open shared object file: No such file or directory
./freebirds: error while loading shared libraries: libtbb.so.12: cannot open shared object file: No such file or directory
./freebirds: error while loading shared libraries: libtbb.so.12: cannot open shared object file: No such file or directory
./freebirds: error while loading shared libraries: libtbb.so.12: cannot open shared object file: No such file or directory
./freebirds: error while loading shared libraries: libtbb.so.12: cannot open shared object file: No such file or directory
./freebirds: error while loading shared libraries: libtbb.so.12: cannot open shared object file: No such file or directory
./freebirds: error while loading shared libraries: libtbb.so.12: cannot open shared object file: No such file or directory
./freebirds: error while loading shared libraries: libtbb.so.12: cannot open shared object file: No such file or directory
./freebirds: error while loading shared libraries: libtbb.so.12: cannot open shared object file: No such file or directory
./freebirds: error while loading shared libraries: libtbb.so.12: cannot open shared object file: No such file or directory
./freebirds: error while loading shared libraries: libtbb.so.12: cannot open shared object file: No such file or directory
./freebirds: error while loading shared libraries: libtbb.so.12: cannot open shared object file: No such file or directory
./freebirds: error while loading shared libraries: libtbb.so.12: cannot open shared object file: No such file or directory
./freebirds: error while loading shared libraries: libtbb.so.12: cannot open shared object file: No such file or directory
./freebirds: error while loading shared libraries: libtbb.so.12: cannot open shared object file: No such file or directory
./freebirds: error while loading shared libraries: libtbb.so.12: cannot open shared object file: No such file or directory
End computation
Wed Dec 18 16:04:34 CET 2024
