0 / 5
0 / 5
0 / 5
0 / 5
0 / 5
================================
PERF INFO : 
100_1_OMP_8.48e-05
100_1_OMP_Task_0.0001595
100_1_TBB_0.0001371
100_1_TBB_Range_9.03e-05
100_2_OMP_0.0001747
100_2_OMP_Task_0.0001072
100_2_TBB_0.0001883
100_2_TBB_Range_0.0001908
100_4_OMP_0.0001776
100_4_OMP_Task_0.000227
100_4_TBB_0.0001584
100_4_TBB_Range_0.0001009
100_6_OMP_0.000267
100_6_OMP_Task_0.0002685
100_6_TBB_0.0001809
100_6_TBB_Range_0.0001391
100_Seq_0.0001544
10_1_OMP_1.77e-05
10_1_OMP_Task_2.37e-05
10_1_TBB_3.57e-05
10_1_TBB_Range_2.08e-05
10_2_OMP_1.25e-05
10_2_OMP_Task_6.64e-05
10_2_TBB_0.0001369
10_2_TBB_Range_8.32e-05
10_4_OMP_0.0018275
10_4_OMP_Task_3.17e-05
10_4_TBB_0.0002177
10_4_TBB_Range_0.0002233
10_6_OMP_0.001325
10_6_OMP_Task_3.13e-05
10_6_TBB_0.0001941
10_6_TBB_Range_6.85e-05
10_Seq_3.81e-05
1_1_OMP_7.1e-06
1_1_OMP_Task_4.6e-06
1_1_TBB_0.0005945
1_1_TBB_Range_3.6e-06
1_2_OMP_7.8e-05
1_2_OMP_Task_2.3e-05
1_2_TBB_5.2e-06
1_2_TBB_Range_3.2e-06
1_4_OMP_0.0001366
1_4_OMP_Task_2.45e-05
1_4_TBB_3.14e-05
1_4_TBB_Range_4.9e-06
1_6_OMP_0.0016334
1_6_OMP_Task_0.0001017
1_6_TBB_4.28e-05
1_6_TBB_Range_9.2e-06
1_Seq_1.06e-05
250_1_OMP_0.0004545
250_1_OMP_Task_0.000456
250_1_TBB_0.0002127
250_1_TBB_Range_0.0003161
250_2_OMP_0.0002842
250_2_OMP_Task_0.0003172
250_2_TBB_0.000291
250_2_TBB_Range_0.000322
250_4_OMP_0.0002204
250_4_OMP_Task_0.0005997
250_4_TBB_0.0002332
250_4_TBB_Range_0.0006317
250_6_OMP_0.0002607
250_6_OMP_Task_0.0006521
250_6_TBB_0.0002628
250_6_TBB_Range_0.0002247
250_Seq_0.0007294
500_1_OMP_0.0006614
500_1_OMP_Task_0.0006858
500_1_TBB_0.0007138
500_1_TBB_Range_0.000616
500_2_OMP_0.0006367
500_2_OMP_Task_0.0006527
500_2_TBB_0.0006803
500_2_TBB_Range_0.0006872
500_4_OMP_0.000535
500_4_OMP_Task_0.0012956
500_4_TBB_0.0005059
500_4_TBB_Range_0.0003637
500_6_OMP_0.0004708
500_6_OMP_Task_0.0014054
500_6_TBB_0.0005856
500_6_TBB_Range_0.0024478
500_Seq_0.0012128
================================
