Build output check failed:
    Regex: 'command line option .* is valid for .* but not for C\+\+'
    Output line: 'cc1plus: warning: command line option '-Wmissing-prototypes' is valid for C/ObjC but not for C++'
Compilation failed:
    source file: '/work/irlin355_1/gratienj/ParallelProgrammingCourse/ParallelProgrammingTP/contrib/opencv-3.4.7/build/CMakeFiles/CMakeTmp/src.cxx'
    check option: ' -fsigned-char -W -Wall -Werror=return-type -Werror=non-virtual-dtor -Werror=address -Werror=sequence-point -Wformat -Werror=format-security -Wmissing-declarations  -Wmissing-prototypes'
===== BUILD LOG =====
Change Dir: /work/irlin355_1/gratienj/ParallelProgrammingCourse/ParallelProgrammingTP/contrib/opencv-3.4.7/build/CMakeFiles/CMakeTmp

Run Build Command:"/usr/bin/gmake" "cmTC_6ad4e/fast"
/usr/bin/gmake -f CMakeFiles/cmTC_6ad4e.dir/build.make CMakeFiles/cmTC_6ad4e.dir/build
gmake[1]: Entering directory `/work/irlin355_1/gratienj/ParallelProgrammingCourse/ParallelProgrammingTP/contrib/opencv-3.4.7/build/CMakeFiles/CMakeTmp'
Building CXX object CMakeFiles/cmTC_6ad4e.dir/src.cxx.o
/work/irlin355_1/gratienj/local/eb_new/centos_7/software/Core/GCCcore/7.3.0/bin/c++    -O3 -DNDEBUG -fPIE   -fsigned-char -W -Wall -Werror=return-type -Werror=non-virtual-dtor -Werror=address -Werror=sequence-point -Wformat -Werror=format-security -Wmissing-declarations -Wmissing-prototypes -o CMakeFiles/cmTC_6ad4e.dir/src.cxx.o -c /work/irlin355_1/gratienj/ParallelProgrammingCourse/ParallelProgrammingTP/contrib/opencv-3.4.7/build/CMakeFiles/CMakeTmp/src.cxx
cc1plus: warning: command line option '-Wmissing-prototypes' is valid for C/ObjC but not for C++
/work/irlin355_1/gratienj/ParallelProgrammingCourse/ParallelProgrammingTP/contrib/opencv-3.4.7/build/CMakeFiles/CMakeTmp/src.cxx:1:0: warning: ignoring #pragma   [-Wunknown-pragmas]
 #pragma
 
Linking CXX executable cmTC_6ad4e
/work/irlin355_1/gratienj/local/eb_new/centos_7/software/Compiler/GCCcore/7.3.0/CMake/3.11.4/bin/cmake -E cmake_link_script CMakeFiles/cmTC_6ad4e.dir/link.txt --verbose=1
/work/irlin355_1/gratienj/local/eb_new/centos_7/software/Core/GCCcore/7.3.0/bin/c++    -O3 -DNDEBUG    -rdynamic CMakeFiles/cmTC_6ad4e.dir/src.cxx.o  -o cmTC_6ad4e 
gmake[1]: Leaving directory `/work/irlin355_1/gratienj/ParallelProgrammingCourse/ParallelProgrammingTP/contrib/opencv-3.4.7/build/CMakeFiles/CMakeTmp'

===== END =====

Build output check failed:
    Regex: 'command line option .* is valid for .* but not for C\+\+'
    Output line: 'cc1plus: warning: command line option '-Wstrict-prototypes' is valid for C/ObjC but not for C++'
Compilation failed:
    source file: '/work/irlin355_1/gratienj/ParallelProgrammingCourse/ParallelProgrammingTP/contrib/opencv-3.4.7/build/CMakeFiles/CMakeTmp/src.cxx'
    check option: ' -fsigned-char -W -Wall -Werror=return-type -Werror=non-virtual-dtor -Werror=address -Werror=sequence-point -Wformat -Werror=format-security -Wmissing-declarations  -Wstrict-prototypes'
===== BUILD LOG =====
Change Dir: /work/irlin355_1/gratienj/ParallelProgrammingCourse/ParallelProgrammingTP/contrib/opencv-3.4.7/build/CMakeFiles/CMakeTmp

Run Build Command:"/usr/bin/gmake" "cmTC_1b12c/fast"
/usr/bin/gmake -f CMakeFiles/cmTC_1b12c.dir/build.make CMakeFiles/cmTC_1b12c.dir/build
gmake[1]: Entering directory `/work/irlin355_1/gratienj/ParallelProgrammingCourse/ParallelProgrammingTP/contrib/opencv-3.4.7/build/CMakeFiles/CMakeTmp'
Building CXX object CMakeFiles/cmTC_1b12c.dir/src.cxx.o
/work/irlin355_1/gratienj/local/eb_new/centos_7/software/Core/GCCcore/7.3.0/bin/c++    -O3 -DNDEBUG -fPIE   -fsigned-char -W -Wall -Werror=return-type -Werror=non-virtual-dtor -Werror=address -Werror=sequence-point -Wformat -Werror=format-security -Wmissing-declarations -Wstrict-prototypes -o CMakeFiles/cmTC_1b12c.dir/src.cxx.o -c /work/irlin355_1/gratienj/ParallelProgrammingCourse/ParallelProgrammingTP/contrib/opencv-3.4.7/build/CMakeFiles/CMakeTmp/src.cxx
cc1plus: warning: command line option '-Wstrict-prototypes' is valid for C/ObjC but not for C++
/work/irlin355_1/gratienj/ParallelProgrammingCourse/ParallelProgrammingTP/contrib/opencv-3.4.7/build/CMakeFiles/CMakeTmp/src.cxx:1:0: warning: ignoring #pragma   [-Wunknown-pragmas]
 #pragma
 
Linking CXX executable cmTC_1b12c
/work/irlin355_1/gratienj/local/eb_new/centos_7/software/Compiler/GCCcore/7.3.0/CMake/3.11.4/bin/cmake -E cmake_link_script CMakeFiles/cmTC_1b12c.dir/link.txt --verbose=1
/work/irlin355_1/gratienj/local/eb_new/centos_7/software/Core/GCCcore/7.3.0/bin/c++    -O3 -DNDEBUG    -rdynamic CMakeFiles/cmTC_1b12c.dir/src.cxx.o  -o cmTC_1b12c 
gmake[1]: Leaving directory `/work/irlin355_1/gratienj/ParallelProgrammingCourse/ParallelProgrammingTP/contrib/opencv-3.4.7/build/CMakeFiles/CMakeTmp'

===== END =====

Build output check failed:
    Regex: 'command line option .* is valid for .* but not for C'
    Output line: 'cc1: warning: command line option '-Wsign-promo' is valid for C++/ObjC++ but not for C'
Compilation failed:
    source file: '/work/irlin355_1/gratienj/ParallelProgrammingCourse/ParallelProgrammingTP/contrib/opencv-3.4.7/build/CMakeFiles/CMakeTmp/src.c'
    check option: ' -fsigned-char -W -Wall -Werror=return-type -Werror=non-virtual-dtor -Werror=address -Werror=sequence-point -Wformat -Werror=format-security -Wmissing-declarations -Wmissing-prototypes -Wstrict-prototypes -Wundef -Winit-self -Wpointer-arith -Wshadow  -Wsign-promo'
===== BUILD LOG =====
Change Dir: /work/irlin355_1/gratienj/ParallelProgrammingCourse/ParallelProgrammingTP/contrib/opencv-3.4.7/build/CMakeFiles/CMakeTmp

Run Build Command:"/usr/bin/gmake" "cmTC_3aac8/fast"
/usr/bin/gmake -f CMakeFiles/cmTC_3aac8.dir/build.make CMakeFiles/cmTC_3aac8.dir/build
gmake[1]: Entering directory `/work/irlin355_1/gratienj/ParallelProgrammingCourse/ParallelProgrammingTP/contrib/opencv-3.4.7/build/CMakeFiles/CMakeTmp'
Building C object CMakeFiles/cmTC_3aac8.dir/src.c.o
/work/irlin355_1/gratienj/local/eb_new/centos_7/software/Core/GCCcore/7.3.0/bin/cc   -O3 -DNDEBUG -fPIE   -fsigned-char -W -Wall -Werror=return-type -Werror=non-virtual-dtor -Werror=address -Werror=sequence-point -Wformat -Werror=format-security -Wmissing-declarations -Wmissing-prototypes -Wstrict-prototypes -Wundef -Winit-self -Wpointer-arith -Wshadow -Wsign-promo -o CMakeFiles/cmTC_3aac8.dir/src.c.o   -c /work/irlin355_1/gratienj/ParallelProgrammingCourse/ParallelProgrammingTP/contrib/opencv-3.4.7/build/CMakeFiles/CMakeTmp/src.c
cc1: warning: command line option '-Wsign-promo' is valid for C++/ObjC++ but not for C
/work/irlin355_1/gratienj/ParallelProgrammingCourse/ParallelProgrammingTP/contrib/opencv-3.4.7/build/CMakeFiles/CMakeTmp/src.c:1:0: warning: ignoring #pragma   [-Wunknown-pragmas]
 #pragma
 
Linking C executable cmTC_3aac8
/work/irlin355_1/gratienj/local/eb_new/centos_7/software/Compiler/GCCcore/7.3.0/CMake/3.11.4/bin/cmake -E cmake_link_script CMakeFiles/cmTC_3aac8.dir/link.txt --verbose=1
/work/irlin355_1/gratienj/local/eb_new/centos_7/software/Core/GCCcore/7.3.0/bin/cc   -O3 -DNDEBUG    -rdynamic CMakeFiles/cmTC_3aac8.dir/src.c.o  -o cmTC_3aac8 
gmake[1]: Leaving directory `/work/irlin355_1/gratienj/ParallelProgrammingCourse/ParallelProgrammingTP/contrib/opencv-3.4.7/build/CMakeFiles/CMakeTmp'

===== END =====

Build output check failed:
    Regex: 'command line option .* is valid for .* but not for C'
    Output line: 'cc1: warning: command line option '-Wno-delete-non-virtual-dtor' is valid for C++/ObjC++ but not for C'
Compilation failed:
    source file: '/work/irlin355_1/gratienj/ParallelProgrammingCourse/ParallelProgrammingTP/contrib/opencv-3.4.7/build/CMakeFiles/CMakeTmp/src.c'
    check option: ' -fsigned-char -W -Wall -Werror=return-type -Werror=non-virtual-dtor -Werror=address -Werror=sequence-point -Wformat -Werror=format-security -Wmissing-declarations -Wmissing-prototypes -Wstrict-prototypes -Wundef -Winit-self -Wpointer-arith -Wshadow -Wuninitialized -Winit-self  -Wno-delete-non-virtual-dtor'
===== BUILD LOG =====
Change Dir: /work/irlin355_1/gratienj/ParallelProgrammingCourse/ParallelProgrammingTP/contrib/opencv-3.4.7/build/CMakeFiles/CMakeTmp

Run Build Command:"/usr/bin/gmake" "cmTC_fcce2/fast"
/usr/bin/gmake -f CMakeFiles/cmTC_fcce2.dir/build.make CMakeFiles/cmTC_fcce2.dir/build
gmake[1]: Entering directory `/work/irlin355_1/gratienj/ParallelProgrammingCourse/ParallelProgrammingTP/contrib/opencv-3.4.7/build/CMakeFiles/CMakeTmp'
Building C object CMakeFiles/cmTC_fcce2.dir/src.c.o
/work/irlin355_1/gratienj/local/eb_new/centos_7/software/Core/GCCcore/7.3.0/bin/cc   -O3 -DNDEBUG -fPIE   -fsigned-char -W -Wall -Werror=return-type -Werror=non-virtual-dtor -Werror=address -Werror=sequence-point -Wformat -Werror=format-security -Wmissing-declarations -Wmissing-prototypes -Wstrict-prototypes -Wundef -Winit-self -Wpointer-arith -Wshadow -Wuninitialized -Winit-self -Wno-delete-non-virtual-dtor -o CMakeFiles/cmTC_fcce2.dir/src.c.o   -c /work/irlin355_1/gratienj/ParallelProgrammingCourse/ParallelProgrammingTP/contrib/opencv-3.4.7/build/CMakeFiles/CMakeTmp/src.c
cc1: warning: command line option '-Wno-delete-non-virtual-dtor' is valid for C++/ObjC++ but not for C
/work/irlin355_1/gratienj/ParallelProgrammingCourse/ParallelProgrammingTP/contrib/opencv-3.4.7/build/CMakeFiles/CMakeTmp/src.c:1:0: warning: ignoring #pragma   [-Wunknown-pragmas]
 #pragma
 
Linking C executable cmTC_fcce2
/work/irlin355_1/gratienj/local/eb_new/centos_7/software/Compiler/GCCcore/7.3.0/CMake/3.11.4/bin/cmake -E cmake_link_script CMakeFiles/cmTC_fcce2.dir/link.txt --verbose=1
/work/irlin355_1/gratienj/local/eb_new/centos_7/software/Core/GCCcore/7.3.0/bin/cc   -O3 -DNDEBUG    -rdynamic CMakeFiles/cmTC_fcce2.dir/src.c.o  -o cmTC_fcce2 
gmake[1]: Leaving directory `/work/irlin355_1/gratienj/ParallelProgrammingCourse/ParallelProgrammingTP/contrib/opencv-3.4.7/build/CMakeFiles/CMakeTmp'

===== END =====

Build output check failed:
    Regex: 'unrecognized .*option'
    Output line: 'cc1plus: warning: unrecognized command line option '-Wno-unnamed-type-template-args''
Compilation failed:
    source file: '/work/irlin355_1/gratienj/ParallelProgrammingCourse/ParallelProgrammingTP/contrib/opencv-3.4.7/build/CMakeFiles/CMakeTmp/src.cxx'
    check option: ' -fsigned-char -W -Wall -Werror=return-type -Werror=non-virtual-dtor -Werror=address -Werror=sequence-point -Wformat -Werror=format-security -Wmissing-declarations -Wundef -Winit-self -Wpointer-arith -Wshadow -Wsign-promo -Wuninitialized -Winit-self -Wno-delete-non-virtual-dtor  -Wno-unnamed-type-template-args'
===== BUILD LOG =====
Change Dir: /work/irlin355_1/gratienj/ParallelProgrammingCourse/ParallelProgrammingTP/contrib/opencv-3.4.7/build/CMakeFiles/CMakeTmp

Run Build Command:"/usr/bin/gmake" "cmTC_f53a1/fast"
/usr/bin/gmake -f CMakeFiles/cmTC_f53a1.dir/build.make CMakeFiles/cmTC_f53a1.dir/build
gmake[1]: Entering directory `/work/irlin355_1/gratienj/ParallelProgrammingCourse/ParallelProgrammingTP/contrib/opencv-3.4.7/build/CMakeFiles/CMakeTmp'
Building CXX object CMakeFiles/cmTC_f53a1.dir/src.cxx.o
/work/irlin355_1/gratienj/local/eb_new/centos_7/software/Core/GCCcore/7.3.0/bin/c++    -O3 -DNDEBUG -fPIE   -fsigned-char -W -Wall -Werror=return-type -Werror=non-virtual-dtor -Werror=address -Werror=sequence-point -Wformat -Werror=format-security -Wmissing-declarations -Wundef -Winit-self -Wpointer-arith -Wshadow -Wsign-promo -Wuninitialized -Winit-self -Wno-delete-non-virtual-dtor -Wno-unnamed-type-template-args -o CMakeFiles/cmTC_f53a1.dir/src.cxx.o -c /work/irlin355_1/gratienj/ParallelProgrammingCourse/ParallelProgrammingTP/contrib/opencv-3.4.7/build/CMakeFiles/CMakeTmp/src.cxx
/work/irlin355_1/gratienj/ParallelProgrammingCourse/ParallelProgrammingTP/contrib/opencv-3.4.7/build/CMakeFiles/CMakeTmp/src.cxx:1:0: warning: ignoring #pragma   [-Wunknown-pragmas]
 #pragma
 
cc1plus: warning: unrecognized command line option '-Wno-unnamed-type-template-args'
Linking CXX executable cmTC_f53a1
/work/irlin355_1/gratienj/local/eb_new/centos_7/software/Compiler/GCCcore/7.3.0/CMake/3.11.4/bin/cmake -E cmake_link_script CMakeFiles/cmTC_f53a1.dir/link.txt --verbose=1
/work/irlin355_1/gratienj/local/eb_new/centos_7/software/Core/GCCcore/7.3.0/bin/c++    -O3 -DNDEBUG    -rdynamic CMakeFiles/cmTC_f53a1.dir/src.cxx.o  -o cmTC_f53a1 
gmake[1]: Leaving directory `/work/irlin355_1/gratienj/ParallelProgrammingCourse/ParallelProgrammingTP/contrib/opencv-3.4.7/build/CMakeFiles/CMakeTmp'

===== END =====

Build output check failed:
    Regex: 'unrecognized .*option'
    Output line: 'cc1: warning: unrecognized command line option '-Wno-unnamed-type-template-args''
Compilation failed:
    source file: '/work/irlin355_1/gratienj/ParallelProgrammingCourse/ParallelProgrammingTP/contrib/opencv-3.4.7/build/CMakeFiles/CMakeTmp/src.c'
    check option: ' -fsigned-char -W -Wall -Werror=return-type -Werror=non-virtual-dtor -Werror=address -Werror=sequence-point -Wformat -Werror=format-security -Wmissing-declarations -Wmissing-prototypes -Wstrict-prototypes -Wundef -Winit-self -Wpointer-arith -Wshadow -Wuninitialized -Winit-self  -Wno-unnamed-type-template-args'
===== BUILD LOG =====
Change Dir: /work/irlin355_1/gratienj/ParallelProgrammingCourse/ParallelProgrammingTP/contrib/opencv-3.4.7/build/CMakeFiles/CMakeTmp

Run Build Command:"/usr/bin/gmake" "cmTC_bc91f/fast"
/usr/bin/gmake -f CMakeFiles/cmTC_bc91f.dir/build.make CMakeFiles/cmTC_bc91f.dir/build
gmake[1]: Entering directory `/work/irlin355_1/gratienj/ParallelProgrammingCourse/ParallelProgrammingTP/contrib/opencv-3.4.7/build/CMakeFiles/CMakeTmp'
Building C object CMakeFiles/cmTC_bc91f.dir/src.c.o
/work/irlin355_1/gratienj/local/eb_new/centos_7/software/Core/GCCcore/7.3.0/bin/cc   -O3 -DNDEBUG -fPIE   -fsigned-char -W -Wall -Werror=return-type -Werror=non-virtual-dtor -Werror=address -Werror=sequence-point -Wformat -Werror=format-security -Wmissing-declarations -Wmissing-prototypes -Wstrict-prototypes -Wundef -Winit-self -Wpointer-arith -Wshadow -Wuninitialized -Winit-self -Wno-unnamed-type-template-args -o CMakeFiles/cmTC_bc91f.dir/src.c.o   -c /work/irlin355_1/gratienj/ParallelProgrammingCourse/ParallelProgrammingTP/contrib/opencv-3.4.7/build/CMakeFiles/CMakeTmp/src.c
/work/irlin355_1/gratienj/ParallelProgrammingCourse/ParallelProgrammingTP/contrib/opencv-3.4.7/build/CMakeFiles/CMakeTmp/src.c:1:0: warning: ignoring #pragma   [-Wunknown-pragmas]
 #pragma
 
cc1: warning: unrecognized command line option '-Wno-unnamed-type-template-args'
Linking C executable cmTC_bc91f
/work/irlin355_1/gratienj/local/eb_new/centos_7/software/Compiler/GCCcore/7.3.0/CMake/3.11.4/bin/cmake -E cmake_link_script CMakeFiles/cmTC_bc91f.dir/link.txt --verbose=1
/work/irlin355_1/gratienj/local/eb_new/centos_7/software/Core/GCCcore/7.3.0/bin/cc   -O3 -DNDEBUG    -rdynamic CMakeFiles/cmTC_bc91f.dir/src.c.o  -o cmTC_bc91f 
gmake[1]: Leaving directory `/work/irlin355_1/gratienj/ParallelProgrammingCourse/ParallelProgrammingTP/contrib/opencv-3.4.7/build/CMakeFiles/CMakeTmp'

===== END =====

Build output check failed:
    Regex: 'command line option .* is valid for .* but not for C'
    Output line: 'cc1: warning: command line option '-fvisibility-inlines-hidden' is valid for C++/ObjC++ but not for C'
Compilation failed:
    source file: '/work/irlin355_1/gratienj/ParallelProgrammingCourse/ParallelProgrammingTP/contrib/opencv-3.4.7/build/CMakeFiles/CMakeTmp/src.c'
    check option: ' -fsigned-char -W -Wall -Werror=return-type -Werror=non-virtual-dtor -Werror=address -Werror=sequence-point -Wformat -Werror=format-security -Wmissing-declarations -Wmissing-prototypes -Wstrict-prototypes -Wundef -Winit-self -Wpointer-arith -Wshadow -Wuninitialized -Winit-self -Wno-comment -Wimplicit-fallthrough=3 -Wno-strict-overflow -fdiagnostics-show-option -Wno-long-long -pthread -fomit-frame-pointer -ffunction-sections -fdata-sections  -msse -msse2 -msse3 -fvisibility=hidden  -fvisibility-inlines-hidden'
===== BUILD LOG =====
Change Dir: /work/irlin355_1/gratienj/ParallelProgrammingCourse/ParallelProgrammingTP/contrib/opencv-3.4.7/build/CMakeFiles/CMakeTmp

Run Build Command:"/usr/bin/gmake" "cmTC_e1ced/fast"
/usr/bin/gmake -f CMakeFiles/cmTC_e1ced.dir/build.make CMakeFiles/cmTC_e1ced.dir/build
gmake[1]: Entering directory `/work/irlin355_1/gratienj/ParallelProgrammingCourse/ParallelProgrammingTP/contrib/opencv-3.4.7/build/CMakeFiles/CMakeTmp'
Building C object CMakeFiles/cmTC_e1ced.dir/src.c.o
/work/irlin355_1/gratienj/local/eb_new/centos_7/software/Core/GCCcore/7.3.0/bin/cc   -O3 -DNDEBUG -fPIE   -fsigned-char -W -Wall -Werror=return-type -Werror=non-virtual-dtor -Werror=address -Werror=sequence-point -Wformat -Werror=format-security -Wmissing-declarations -Wmissing-prototypes -Wstrict-prototypes -Wundef -Winit-self -Wpointer-arith -Wshadow -Wuninitialized -Winit-self -Wno-comment -Wimplicit-fallthrough=3 -Wno-strict-overflow -fdiagnostics-show-option -Wno-long-long -pthread -fomit-frame-pointer -ffunction-sections -fdata-sections -msse -msse2 -msse3 -fvisibility=hidden -fvisibility-inlines-hidden -o CMakeFiles/cmTC_e1ced.dir/src.c.o   -c /work/irlin355_1/gratienj/ParallelProgrammingCourse/ParallelProgrammingTP/contrib/opencv-3.4.7/build/CMakeFiles/CMakeTmp/src.c
cc1: warning: command line option '-fvisibility-inlines-hidden' is valid for C++/ObjC++ but not for C
/work/irlin355_1/gratienj/ParallelProgrammingCourse/ParallelProgrammingTP/contrib/opencv-3.4.7/build/CMakeFiles/CMakeTmp/src.c:1:0: warning: ignoring #pragma   [-Wunknown-pragmas]
 #pragma
 
Linking C executable cmTC_e1ced
/work/irlin355_1/gratienj/local/eb_new/centos_7/software/Compiler/GCCcore/7.3.0/CMake/3.11.4/bin/cmake -E cmake_link_script CMakeFiles/cmTC_e1ced.dir/link.txt --verbose=1
/work/irlin355_1/gratienj/local/eb_new/centos_7/software/Core/GCCcore/7.3.0/bin/cc   -O3 -DNDEBUG    -rdynamic CMakeFiles/cmTC_e1ced.dir/src.c.o  -o cmTC_e1ced 
gmake[1]: Leaving directory `/work/irlin355_1/gratienj/ParallelProgrammingCourse/ParallelProgrammingTP/contrib/opencv-3.4.7/build/CMakeFiles/CMakeTmp'

===== END =====

Determining if the include file /usr/include/libpng/png.h exists failed with the following output:
Change Dir: /work/irlin355_1/gratienj/ParallelProgrammingCourse/ParallelProgrammingTP/contrib/opencv-3.4.7/build/CMakeFiles/CMakeTmp

Run Build Command:"/usr/bin/gmake" "cmTC_9c160/fast"
/usr/bin/gmake -f CMakeFiles/cmTC_9c160.dir/build.make CMakeFiles/cmTC_9c160.dir/build
gmake[1]: Entering directory `/work/irlin355_1/gratienj/ParallelProgrammingCourse/ParallelProgrammingTP/contrib/opencv-3.4.7/build/CMakeFiles/CMakeTmp'
Building C object CMakeFiles/cmTC_9c160.dir/CheckIncludeFile.c.o
/work/irlin355_1/gratienj/local/eb_new/centos_7/software/Core/GCCcore/7.3.0/bin/cc   -fsigned-char -W -Wall -Werror=return-type -Werror=non-virtual-dtor -Werror=address -Werror=sequence-point -Wformat -Werror=format-security -Wmissing-declarations -Wmissing-prototypes -Wstrict-prototypes -Wundef -Winit-self -Wpointer-arith -Wshadow -Wuninitialized -Winit-self -Wno-comment -Wimplicit-fallthrough=3 -Wno-strict-overflow -fdiagnostics-show-option -Wno-long-long -pthread -fomit-frame-pointer -ffunction-sections -fdata-sections  -msse -msse2 -msse3 -fvisibility=hidden  -O3 -DNDEBUG -fPIE   -o CMakeFiles/cmTC_9c160.dir/CheckIncludeFile.c.o   -c /work/irlin355_1/gratienj/ParallelProgrammingCourse/ParallelProgrammingTP/contrib/opencv-3.4.7/build/CMakeFiles/CMakeTmp/CheckIncludeFile.c
/work/irlin355_1/gratienj/ParallelProgrammingCourse/ParallelProgrammingTP/contrib/opencv-3.4.7/build/CMakeFiles/CMakeTmp/CheckIncludeFile.c:1:10: fatal error: /usr/include/libpng/png.h: No such file or directory
 #include </usr/include/libpng/png.h>
          ^~~~~~~~~~~~~~~~~~~~~~~~~~~
compilation terminated.
gmake[1]: *** [CMakeFiles/cmTC_9c160.dir/CheckIncludeFile.c.o] Error 1
gmake[1]: Leaving directory `/work/irlin355_1/gratienj/ParallelProgrammingCourse/ParallelProgrammingTP/contrib/opencv-3.4.7/build/CMakeFiles/CMakeTmp'
gmake: *** [cmTC_9c160/fast] Error 2


Build output check failed:
    Regex: 'unrecognized .*option'
    Output line: 'cc1plus: warning: unrecognized command line option '-Wno-inconsistent-missing-override''
Compilation failed:
    source file: '/work/irlin355_1/gratienj/ParallelProgrammingCourse/ParallelProgrammingTP/contrib/opencv-3.4.7/build/CMakeFiles/CMakeTmp/src.cxx'
    check option: ' -Wno-inconsistent-missing-override'
===== BUILD LOG =====
Change Dir: /work/irlin355_1/gratienj/ParallelProgrammingCourse/ParallelProgrammingTP/contrib/opencv-3.4.7/build/CMakeFiles/CMakeTmp

Run Build Command:"/usr/bin/gmake" "cmTC_d9d94/fast"
/usr/bin/gmake -f CMakeFiles/cmTC_d9d94.dir/build.make CMakeFiles/cmTC_d9d94.dir/build
gmake[1]: Entering directory `/work/irlin355_1/gratienj/ParallelProgrammingCourse/ParallelProgrammingTP/contrib/opencv-3.4.7/build/CMakeFiles/CMakeTmp'
Building CXX object CMakeFiles/cmTC_d9d94.dir/src.cxx.o
/work/irlin355_1/gratienj/local/eb_new/centos_7/software/Core/GCCcore/7.3.0/bin/c++    -fsigned-char -W -Wall -Werror=return-type -Werror=non-virtual-dtor -Werror=address -Werror=sequence-point -Wformat -Werror=format-security -Winit-self -Wpointer-arith -Wsign-promo -Winit-self -Wno-delete-non-virtual-dtor -Wno-comment -Wimplicit-fallthrough=3 -Wno-strict-overflow -fdiagnostics-show-option -Wno-long-long -pthread -fomit-frame-pointer -ffunction-sections -fdata-sections  -msse -msse2 -msse3 -fvisibility=hidden -fvisibility-inlines-hidden -Wno-shadow -Wno-unused -Wno-sign-compare -Wno-undef -Wno-missing-declarations -Wno-uninitialized -Wno-switch -Wno-parentheses -Wno-array-bounds -Wno-extra -Wno-deprecated-declarations -Wno-misleading-indentation -Wno-deprecated -Wno-suggest-override  -O3 -DNDEBUG -fPIE   -Wno-inconsistent-missing-override -o CMakeFiles/cmTC_d9d94.dir/src.cxx.o -c /work/irlin355_1/gratienj/ParallelProgrammingCourse/ParallelProgrammingTP/contrib/opencv-3.4.7/build/CMakeFiles/CMakeTmp/src.cxx
/work/irlin355_1/gratienj/ParallelProgrammingCourse/ParallelProgrammingTP/contrib/opencv-3.4.7/build/CMakeFiles/CMakeTmp/src.cxx:1:0: warning: ignoring #pragma   [-Wunknown-pragmas]
 #pragma
 
cc1plus: warning: unrecognized command line option '-Wno-inconsistent-missing-override'
Linking CXX executable cmTC_d9d94
/work/irlin355_1/gratienj/local/eb_new/centos_7/software/Compiler/GCCcore/7.3.0/CMake/3.11.4/bin/cmake -E cmake_link_script CMakeFiles/cmTC_d9d94.dir/link.txt --verbose=1
/work/irlin355_1/gratienj/local/eb_new/centos_7/software/Core/GCCcore/7.3.0/bin/c++     -fsigned-char -W -Wall -Werror=return-type -Werror=non-virtual-dtor -Werror=address -Werror=sequence-point -Wformat -Werror=format-security -Winit-self -Wpointer-arith -Wsign-promo -Winit-self -Wno-delete-non-virtual-dtor -Wno-comment -Wimplicit-fallthrough=3 -Wno-strict-overflow -fdiagnostics-show-option -Wno-long-long -pthread -fomit-frame-pointer -ffunction-sections -fdata-sections  -msse -msse2 -msse3 -fvisibility=hidden -fvisibility-inlines-hidden -Wno-shadow -Wno-unused -Wno-sign-compare -Wno-undef -Wno-missing-declarations -Wno-uninitialized -Wno-switch -Wno-parentheses -Wno-array-bounds -Wno-extra -Wno-deprecated-declarations -Wno-misleading-indentation -Wno-deprecated -Wno-suggest-override  -O3 -DNDEBUG    -Wl,--gc-sections  -rdynamic CMakeFiles/cmTC_d9d94.dir/src.cxx.o  -o cmTC_d9d94 
gmake[1]: Leaving directory `/work/irlin355_1/gratienj/ParallelProgrammingCourse/ParallelProgrammingTP/contrib/opencv-3.4.7/build/CMakeFiles/CMakeTmp'

===== END =====

Build output check failed:
    Regex: 'command line option .* is valid for .* but not for C\+\+'
    Output line: 'cc1plus: warning: command line option '-Wno-missing-prototypes' is valid for C/ObjC but not for C++'
Compilation failed:
    source file: '/work/irlin355_1/gratienj/ParallelProgrammingCourse/ParallelProgrammingTP/contrib/opencv-3.4.7/build/CMakeFiles/CMakeTmp/src.cxx'
    check option: ' -Wno-missing-prototypes'
===== BUILD LOG =====
Change Dir: /work/irlin355_1/gratienj/ParallelProgrammingCourse/ParallelProgrammingTP/contrib/opencv-3.4.7/build/CMakeFiles/CMakeTmp

Run Build Command:"/usr/bin/gmake" "cmTC_5f12e/fast"
/usr/bin/gmake -f CMakeFiles/cmTC_5f12e.dir/build.make CMakeFiles/cmTC_5f12e.dir/build
gmake[1]: Entering directory `/work/irlin355_1/gratienj/ParallelProgrammingCourse/ParallelProgrammingTP/contrib/opencv-3.4.7/build/CMakeFiles/CMakeTmp'
Building CXX object CMakeFiles/cmTC_5f12e.dir/src.cxx.o
/work/irlin355_1/gratienj/local/eb_new/centos_7/software/Core/GCCcore/7.3.0/bin/c++    -fsigned-char -W -Wall -Werror=return-type -Werror=non-virtual-dtor -Werror=address -Werror=sequence-point -Wformat -Werror=format-security -Winit-self -Wpointer-arith -Wsign-promo -Winit-self -Wno-delete-non-virtual-dtor -Wno-comment -Wno-strict-overflow -fdiagnostics-show-option -Wno-long-long -pthread -fomit-frame-pointer -ffunction-sections -fdata-sections  -msse -msse2 -msse3 -fvisibility=hidden -fvisibility-inlines-hidden -Wno-shadow -Wno-unused -Wno-sign-compare -Wno-undef -Wno-missing-declarations -Wno-uninitialized -Wno-switch -Wno-parentheses -Wno-array-bounds -Wno-extra -Wno-deprecated-declarations -Wno-misleading-indentation -Wno-deprecated -Wno-suggest-override -Wno-implicit-fallthrough -Wno-tautological-compare  -O3 -DNDEBUG -fPIE   -Wno-missing-prototypes -o CMakeFiles/cmTC_5f12e.dir/src.cxx.o -c /work/irlin355_1/gratienj/ParallelProgrammingCourse/ParallelProgrammingTP/contrib/opencv-3.4.7/build/CMakeFiles/CMakeTmp/src.cxx
cc1plus: warning: command line option '-Wno-missing-prototypes' is valid for C/ObjC but not for C++
/work/irlin355_1/gratienj/ParallelProgrammingCourse/ParallelProgrammingTP/contrib/opencv-3.4.7/build/CMakeFiles/CMakeTmp/src.cxx:1:0: warning: ignoring #pragma   [-Wunknown-pragmas]
 #pragma
 
Linking CXX executable cmTC_5f12e
/work/irlin355_1/gratienj/local/eb_new/centos_7/software/Compiler/GCCcore/7.3.0/CMake/3.11.4/bin/cmake -E cmake_link_script CMakeFiles/cmTC_5f12e.dir/link.txt --verbose=1
/work/irlin355_1/gratienj/local/eb_new/centos_7/software/Core/GCCcore/7.3.0/bin/c++     -fsigned-char -W -Wall -Werror=return-type -Werror=non-virtual-dtor -Werror=address -Werror=sequence-point -Wformat -Werror=format-security -Winit-self -Wpointer-arith -Wsign-promo -Winit-self -Wno-delete-non-virtual-dtor -Wno-comment -Wno-strict-overflow -fdiagnostics-show-option -Wno-long-long -pthread -fomit-frame-pointer -ffunction-sections -fdata-sections  -msse -msse2 -msse3 -fvisibility=hidden -fvisibility-inlines-hidden -Wno-shadow -Wno-unused -Wno-sign-compare -Wno-undef -Wno-missing-declarations -Wno-uninitialized -Wno-switch -Wno-parentheses -Wno-array-bounds -Wno-extra -Wno-deprecated-declarations -Wno-misleading-indentation -Wno-deprecated -Wno-suggest-override -Wno-implicit-fallthrough -Wno-tautological-compare  -O3 -DNDEBUG    -Wl,--gc-sections  -rdynamic CMakeFiles/cmTC_5f12e.dir/src.cxx.o  -o cmTC_5f12e 
gmake[1]: Leaving directory `/work/irlin355_1/gratienj/ParallelProgrammingCourse/ParallelProgrammingTP/contrib/opencv-3.4.7/build/CMakeFiles/CMakeTmp'

===== END =====

Determining if the include file linux/videodev.h exists failed with the following output:
Change Dir: /work/irlin355_1/gratienj/ParallelProgrammingCourse/ParallelProgrammingTP/contrib/opencv-3.4.7/build/CMakeFiles/CMakeTmp

Run Build Command:"/usr/bin/gmake" "cmTC_6daa7/fast"
/usr/bin/gmake -f CMakeFiles/cmTC_6daa7.dir/build.make CMakeFiles/cmTC_6daa7.dir/build
gmake[1]: Entering directory `/work/irlin355_1/gratienj/ParallelProgrammingCourse/ParallelProgrammingTP/contrib/opencv-3.4.7/build/CMakeFiles/CMakeTmp'
Building C object CMakeFiles/cmTC_6daa7.dir/CheckIncludeFile.c.o
/work/irlin355_1/gratienj/local/eb_new/centos_7/software/Core/GCCcore/7.3.0/bin/cc   -fsigned-char -W -Wall -Werror=return-type -Werror=non-virtual-dtor -Werror=address -Werror=sequence-point -Wformat -Werror=format-security -Wmissing-declarations -Wmissing-prototypes -Wstrict-prototypes -Wundef -Winit-self -Wpointer-arith -Wshadow -Wuninitialized -Winit-self -Wno-comment -Wimplicit-fallthrough=3 -Wno-strict-overflow -fdiagnostics-show-option -Wno-long-long -pthread -fomit-frame-pointer -ffunction-sections -fdata-sections  -msse -msse2 -msse3 -fvisibility=hidden  -O3 -DNDEBUG -fPIE   -o CMakeFiles/cmTC_6daa7.dir/CheckIncludeFile.c.o   -c /work/irlin355_1/gratienj/ParallelProgrammingCourse/ParallelProgrammingTP/contrib/opencv-3.4.7/build/CMakeFiles/CMakeTmp/CheckIncludeFile.c
/work/irlin355_1/gratienj/ParallelProgrammingCourse/ParallelProgrammingTP/contrib/opencv-3.4.7/build/CMakeFiles/CMakeTmp/CheckIncludeFile.c:1:10: fatal error: linux/videodev.h: No such file or directory
 #include <linux/videodev.h>
          ^~~~~~~~~~~~~~~~~~
compilation terminated.
gmake[1]: *** [CMakeFiles/cmTC_6daa7.dir/CheckIncludeFile.c.o] Error 1
gmake[1]: Leaving directory `/work/irlin355_1/gratienj/ParallelProgrammingCourse/ParallelProgrammingTP/contrib/opencv-3.4.7/build/CMakeFiles/CMakeTmp'
gmake: *** [cmTC_6daa7/fast] Error 2


Determining if the include file sys/videoio.h exists failed with the following output:
Change Dir: /work/irlin355_1/gratienj/ParallelProgrammingCourse/ParallelProgrammingTP/contrib/opencv-3.4.7/build/CMakeFiles/CMakeTmp

Run Build Command:"/usr/bin/gmake" "cmTC_81625/fast"
/usr/bin/gmake -f CMakeFiles/cmTC_81625.dir/build.make CMakeFiles/cmTC_81625.dir/build
gmake[1]: Entering directory `/work/irlin355_1/gratienj/ParallelProgrammingCourse/ParallelProgrammingTP/contrib/opencv-3.4.7/build/CMakeFiles/CMakeTmp'
Building C object CMakeFiles/cmTC_81625.dir/CheckIncludeFile.c.o
/work/irlin355_1/gratienj/local/eb_new/centos_7/software/Core/GCCcore/7.3.0/bin/cc   -fsigned-char -W -Wall -Werror=return-type -Werror=non-virtual-dtor -Werror=address -Werror=sequence-point -Wformat -Werror=format-security -Wmissing-declarations -Wmissing-prototypes -Wstrict-prototypes -Wundef -Winit-self -Wpointer-arith -Wshadow -Wuninitialized -Winit-self -Wno-comment -Wimplicit-fallthrough=3 -Wno-strict-overflow -fdiagnostics-show-option -Wno-long-long -pthread -fomit-frame-pointer -ffunction-sections -fdata-sections  -msse -msse2 -msse3 -fvisibility=hidden  -O3 -DNDEBUG -fPIE   -o CMakeFiles/cmTC_81625.dir/CheckIncludeFile.c.o   -c /work/irlin355_1/gratienj/ParallelProgrammingCourse/ParallelProgrammingTP/contrib/opencv-3.4.7/build/CMakeFiles/CMakeTmp/CheckIncludeFile.c
/work/irlin355_1/gratienj/ParallelProgrammingCourse/ParallelProgrammingTP/contrib/opencv-3.4.7/build/CMakeFiles/CMakeTmp/CheckIncludeFile.c:1:10: fatal error: sys/videoio.h: No such file or directory
 #include <sys/videoio.h>
          ^~~~~~~~~~~~~~~
compilation terminated.
gmake[1]: *** [CMakeFiles/cmTC_81625.dir/CheckIncludeFile.c.o] Error 1
gmake[1]: Leaving directory `/work/irlin355_1/gratienj/ParallelProgrammingCourse/ParallelProgrammingTP/contrib/opencv-3.4.7/build/CMakeFiles/CMakeTmp'
gmake: *** [cmTC_81625/fast] Error 2


Build output check failed:
    Regex: 'unrecognized .*option'
    Output line: 'cc1plus: warning: unrecognized command line option '-Wno-tautological-undefined-compare''
Compilation failed:
    source file: '/work/irlin355_1/gratienj/ParallelProgrammingCourse/ParallelProgrammingTP/contrib/opencv-3.4.7/build/CMakeFiles/CMakeTmp/src.cxx'
    check option: ' -Wno-tautological-undefined-compare'
===== BUILD LOG =====
Change Dir: /work/irlin355_1/gratienj/ParallelProgrammingCourse/ParallelProgrammingTP/contrib/opencv-3.4.7/build/CMakeFiles/CMakeTmp

Run Build Command:"/usr/bin/gmake" "cmTC_091b8/fast"
/usr/bin/gmake -f CMakeFiles/cmTC_091b8.dir/build.make CMakeFiles/cmTC_091b8.dir/build
gmake[1]: Entering directory `/work/irlin355_1/gratienj/ParallelProgrammingCourse/ParallelProgrammingTP/contrib/opencv-3.4.7/build/CMakeFiles/CMakeTmp'
Building CXX object CMakeFiles/cmTC_091b8.dir/src.cxx.o
/work/irlin355_1/gratienj/local/eb_new/centos_7/software/Core/GCCcore/7.3.0/bin/c++    -fsigned-char -W -Wall -Werror=return-type -Werror=non-virtual-dtor -Werror=address -Werror=sequence-point -Wformat -Werror=format-security -Winit-self -Wpointer-arith -Wuninitialized -Winit-self -Wno-delete-non-virtual-dtor -Wno-comment -Wimplicit-fallthrough=3 -Wno-strict-overflow -fdiagnostics-show-option -Wno-long-long -pthread -fomit-frame-pointer -ffunction-sections -fdata-sections  -msse -msse2 -msse3 -fvisibility=hidden -fvisibility-inlines-hidden -Wno-deprecated -Wno-missing-declarations -Wno-shadow -Wno-unused-parameter -Wno-unused-local-typedefs -Wno-sign-compare -Wno-sign-promo -Wno-undef  -O3 -DNDEBUG -fPIE   -Wno-tautological-undefined-compare -o CMakeFiles/cmTC_091b8.dir/src.cxx.o -c /work/irlin355_1/gratienj/ParallelProgrammingCourse/ParallelProgrammingTP/contrib/opencv-3.4.7/build/CMakeFiles/CMakeTmp/src.cxx
/work/irlin355_1/gratienj/ParallelProgrammingCourse/ParallelProgrammingTP/contrib/opencv-3.4.7/build/CMakeFiles/CMakeTmp/src.cxx:1:0: warning: ignoring #pragma   [-Wunknown-pragmas]
 #pragma
 
cc1plus: warning: unrecognized command line option '-Wno-tautological-undefined-compare'
Linking CXX executable cmTC_091b8
/work/irlin355_1/gratienj/local/eb_new/centos_7/software/Compiler/GCCcore/7.3.0/CMake/3.11.4/bin/cmake -E cmake_link_script CMakeFiles/cmTC_091b8.dir/link.txt --verbose=1
/work/irlin355_1/gratienj/local/eb_new/centos_7/software/Core/GCCcore/7.3.0/bin/c++     -fsigned-char -W -Wall -Werror=return-type -Werror=non-virtual-dtor -Werror=address -Werror=sequence-point -Wformat -Werror=format-security -Winit-self -Wpointer-arith -Wuninitialized -Winit-self -Wno-delete-non-virtual-dtor -Wno-comment -Wimplicit-fallthrough=3 -Wno-strict-overflow -fdiagnostics-show-option -Wno-long-long -pthread -fomit-frame-pointer -ffunction-sections -fdata-sections  -msse -msse2 -msse3 -fvisibility=hidden -fvisibility-inlines-hidden -Wno-deprecated -Wno-missing-declarations -Wno-shadow -Wno-unused-parameter -Wno-unused-local-typedefs -Wno-sign-compare -Wno-sign-promo -Wno-undef  -O3 -DNDEBUG    -Wl,--gc-sections  -rdynamic CMakeFiles/cmTC_091b8.dir/src.cxx.o  -o cmTC_091b8 
gmake[1]: Leaving directory `/work/irlin355_1/gratienj/ParallelProgrammingCourse/ParallelProgrammingTP/contrib/opencv-3.4.7/build/CMakeFiles/CMakeTmp'

===== END =====

Build output check failed:
    Regex: 'unrecognized .*option'
    Output line: 'cc1plus: warning: unrecognized command line option '-Wno-shorten-64-to-32''
Compilation failed:
    source file: '/work/irlin355_1/gratienj/ParallelProgrammingCourse/ParallelProgrammingTP/contrib/opencv-3.4.7/build/CMakeFiles/CMakeTmp/src.cxx'
    check option: ' -Wno-shorten-64-to-32'
===== BUILD LOG =====
Change Dir: /work/irlin355_1/gratienj/ParallelProgrammingCourse/ParallelProgrammingTP/contrib/opencv-3.4.7/build/CMakeFiles/CMakeTmp

Run Build Command:"/usr/bin/gmake" "cmTC_44859/fast"
/usr/bin/gmake -f CMakeFiles/cmTC_44859.dir/build.make CMakeFiles/cmTC_44859.dir/build
gmake[1]: Entering directory `/work/irlin355_1/gratienj/ParallelProgrammingCourse/ParallelProgrammingTP/contrib/opencv-3.4.7/build/CMakeFiles/CMakeTmp'
Building CXX object CMakeFiles/cmTC_44859.dir/src.cxx.o
/work/irlin355_1/gratienj/local/eb_new/centos_7/software/Core/GCCcore/7.3.0/bin/c++    -fsigned-char -W -Wall -Werror=return-type -Werror=non-virtual-dtor -Werror=address -Werror=sequence-point -Wformat -Werror=format-security -Winit-self -Wpointer-arith -Wuninitialized -Winit-self -Wno-delete-non-virtual-dtor -Wno-comment -Wimplicit-fallthrough=3 -Wno-strict-overflow -fdiagnostics-show-option -Wno-long-long -pthread -fomit-frame-pointer -ffunction-sections -fdata-sections  -msse -msse2 -msse3 -fvisibility=hidden -fvisibility-inlines-hidden -Wno-deprecated -Wno-missing-declarations -Wno-shadow -Wno-unused-parameter -Wno-unused-local-typedefs -Wno-sign-compare -Wno-sign-promo -Wno-undef -Wno-ignored-qualifiers -Wno-extra -Wno-unused-function -Wno-unused-const-variable  -O3 -DNDEBUG -fPIE   -Wno-shorten-64-to-32 -o CMakeFiles/cmTC_44859.dir/src.cxx.o -c /work/irlin355_1/gratienj/ParallelProgrammingCourse/ParallelProgrammingTP/contrib/opencv-3.4.7/build/CMakeFiles/CMakeTmp/src.cxx
/work/irlin355_1/gratienj/ParallelProgrammingCourse/ParallelProgrammingTP/contrib/opencv-3.4.7/build/CMakeFiles/CMakeTmp/src.cxx:1:0: warning: ignoring #pragma   [-Wunknown-pragmas]
 #pragma
 
cc1plus: warning: unrecognized command line option '-Wno-shorten-64-to-32'
Linking CXX executable cmTC_44859
/work/irlin355_1/gratienj/local/eb_new/centos_7/software/Compiler/GCCcore/7.3.0/CMake/3.11.4/bin/cmake -E cmake_link_script CMakeFiles/cmTC_44859.dir/link.txt --verbose=1
/work/irlin355_1/gratienj/local/eb_new/centos_7/software/Core/GCCcore/7.3.0/bin/c++     -fsigned-char -W -Wall -Werror=return-type -Werror=non-virtual-dtor -Werror=address -Werror=sequence-point -Wformat -Werror=format-security -Winit-self -Wpointer-arith -Wuninitialized -Winit-self -Wno-delete-non-virtual-dtor -Wno-comment -Wimplicit-fallthrough=3 -Wno-strict-overflow -fdiagnostics-show-option -Wno-long-long -pthread -fomit-frame-pointer -ffunction-sections -fdata-sections  -msse -msse2 -msse3 -fvisibility=hidden -fvisibility-inlines-hidden -Wno-deprecated -Wno-missing-declarations -Wno-shadow -Wno-unused-parameter -Wno-unused-local-typedefs -Wno-sign-compare -Wno-sign-promo -Wno-undef -Wno-ignored-qualifiers -Wno-extra -Wno-unused-function -Wno-unused-const-variable  -O3 -DNDEBUG    -Wl,--gc-sections  -rdynamic CMakeFiles/cmTC_44859.dir/src.cxx.o  -o cmTC_44859 
gmake[1]: Leaving directory `/work/irlin355_1/gratienj/ParallelProgrammingCourse/ParallelProgrammingTP/contrib/opencv-3.4.7/build/CMakeFiles/CMakeTmp'

===== END =====

Build output check failed:
    Regex: 'unrecognized .*option'
    Output line: 'cc1plus: warning: unrecognized command line option '-Wno-enum-compare-switch''
Compilation failed:
    source file: '/work/irlin355_1/gratienj/ParallelProgrammingCourse/ParallelProgrammingTP/contrib/opencv-3.4.7/build/CMakeFiles/CMakeTmp/src.cxx'
    check option: ' -Wno-enum-compare-switch'
===== BUILD LOG =====
Change Dir: /work/irlin355_1/gratienj/ParallelProgrammingCourse/ParallelProgrammingTP/contrib/opencv-3.4.7/build/CMakeFiles/CMakeTmp

Run Build Command:"/usr/bin/gmake" "cmTC_f55aa/fast"
/usr/bin/gmake -f CMakeFiles/cmTC_f55aa.dir/build.make CMakeFiles/cmTC_f55aa.dir/build
gmake[1]: Entering directory `/work/irlin355_1/gratienj/ParallelProgrammingCourse/ParallelProgrammingTP/contrib/opencv-3.4.7/build/CMakeFiles/CMakeTmp'
Building CXX object CMakeFiles/cmTC_f55aa.dir/src.cxx.o
/work/irlin355_1/gratienj/local/eb_new/centos_7/software/Core/GCCcore/7.3.0/bin/c++    -fsigned-char -W -Wall -Werror=return-type -Werror=non-virtual-dtor -Werror=address -Werror=sequence-point -Wformat -Werror=format-security -Winit-self -Wpointer-arith -Wuninitialized -Winit-self -Wno-delete-non-virtual-dtor -Wno-comment -Wimplicit-fallthrough=3 -Wno-strict-overflow -fdiagnostics-show-option -Wno-long-long -pthread -fomit-frame-pointer -ffunction-sections -fdata-sections  -msse -msse2 -msse3 -fvisibility=hidden -fvisibility-inlines-hidden -Wno-deprecated -Wno-missing-declarations -Wno-shadow -Wno-unused-parameter -Wno-unused-local-typedefs -Wno-sign-compare -Wno-sign-promo -Wno-undef -Wno-ignored-qualifiers -Wno-extra -Wno-unused-function -Wno-unused-const-variable -Wno-invalid-offsetof  -O3 -DNDEBUG -fPIE   -Wno-enum-compare-switch -o CMakeFiles/cmTC_f55aa.dir/src.cxx.o -c /work/irlin355_1/gratienj/ParallelProgrammingCourse/ParallelProgrammingTP/contrib/opencv-3.4.7/build/CMakeFiles/CMakeTmp/src.cxx
/work/irlin355_1/gratienj/ParallelProgrammingCourse/ParallelProgrammingTP/contrib/opencv-3.4.7/build/CMakeFiles/CMakeTmp/src.cxx:1:0: warning: ignoring #pragma   [-Wunknown-pragmas]
 #pragma
 
cc1plus: warning: unrecognized command line option '-Wno-enum-compare-switch'
Linking CXX executable cmTC_f55aa
/work/irlin355_1/gratienj/local/eb_new/centos_7/software/Compiler/GCCcore/7.3.0/CMake/3.11.4/bin/cmake -E cmake_link_script CMakeFiles/cmTC_f55aa.dir/link.txt --verbose=1
/work/irlin355_1/gratienj/local/eb_new/centos_7/software/Core/GCCcore/7.3.0/bin/c++     -fsigned-char -W -Wall -Werror=return-type -Werror=non-virtual-dtor -Werror=address -Werror=sequence-point -Wformat -Werror=format-security -Winit-self -Wpointer-arith -Wuninitialized -Winit-self -Wno-delete-non-virtual-dtor -Wno-comment -Wimplicit-fallthrough=3 -Wno-strict-overflow -fdiagnostics-show-option -Wno-long-long -pthread -fomit-frame-pointer -ffunction-sections -fdata-sections  -msse -msse2 -msse3 -fvisibility=hidden -fvisibility-inlines-hidden -Wno-deprecated -Wno-missing-declarations -Wno-shadow -Wno-unused-parameter -Wno-unused-local-typedefs -Wno-sign-compare -Wno-sign-promo -Wno-undef -Wno-ignored-qualifiers -Wno-extra -Wno-unused-function -Wno-unused-const-variable -Wno-invalid-offsetof  -O3 -DNDEBUG    -Wl,--gc-sections  -rdynamic CMakeFiles/cmTC_f55aa.dir/src.cxx.o  -o cmTC_f55aa 
gmake[1]: Leaving directory `/work/irlin355_1/gratienj/ParallelProgrammingCourse/ParallelProgrammingTP/contrib/opencv-3.4.7/build/CMakeFiles/CMakeTmp'

===== END =====

Build output check failed:
    Regex: 'unrecognized .*option'
    Output line: 'cc1plus: warning: unrecognized command line option '-Wno-unused-private-field''
Compilation failed:
    source file: '/work/irlin355_1/gratienj/ParallelProgrammingCourse/ParallelProgrammingTP/contrib/opencv-3.4.7/build/CMakeFiles/CMakeTmp/src.cxx'
    check option: ' -Wno-unused-private-field'
===== BUILD LOG =====
Change Dir: /work/irlin355_1/gratienj/ParallelProgrammingCourse/ParallelProgrammingTP/contrib/opencv-3.4.7/build/CMakeFiles/CMakeTmp

Run Build Command:"/usr/bin/gmake" "cmTC_d5fec/fast"
/usr/bin/gmake -f CMakeFiles/cmTC_d5fec.dir/build.make CMakeFiles/cmTC_d5fec.dir/build
gmake[1]: Entering directory `/work/irlin355_1/gratienj/ParallelProgrammingCourse/ParallelProgrammingTP/contrib/opencv-3.4.7/build/CMakeFiles/CMakeTmp'
Building CXX object CMakeFiles/cmTC_d5fec.dir/src.cxx.o
/work/irlin355_1/gratienj/local/eb_new/centos_7/software/Core/GCCcore/7.3.0/bin/c++    -fsigned-char -W -Wall -Werror=return-type -Werror=non-virtual-dtor -Werror=address -Werror=sequence-point -Wformat -Werror=format-security -Wmissing-declarations -Wundef -Winit-self -Wpointer-arith -Wshadow -Wsign-promo -Wuninitialized -Winit-self -Wno-delete-non-virtual-dtor -Wno-comment -Wimplicit-fallthrough=3 -Wno-strict-overflow -fdiagnostics-show-option -Wno-long-long -pthread -fomit-frame-pointer -ffunction-sections -fdata-sections  -msse -msse2 -msse3 -fvisibility=hidden -fvisibility-inlines-hidden -Wno-unused-function -Wno-deprecated-declarations -Wno-overloaded-virtual  -O3 -DNDEBUG -fPIE   -Wno-unused-private-field -o CMakeFiles/cmTC_d5fec.dir/src.cxx.o -c /work/irlin355_1/gratienj/ParallelProgrammingCourse/ParallelProgrammingTP/contrib/opencv-3.4.7/build/CMakeFiles/CMakeTmp/src.cxx
/work/irlin355_1/gratienj/ParallelProgrammingCourse/ParallelProgrammingTP/contrib/opencv-3.4.7/build/CMakeFiles/CMakeTmp/src.cxx:1:0: warning: ignoring #pragma   [-Wunknown-pragmas]
 #pragma
 
cc1plus: warning: unrecognized command line option '-Wno-unused-private-field'
Linking CXX executable cmTC_d5fec
/work/irlin355_1/gratienj/local/eb_new/centos_7/software/Compiler/GCCcore/7.3.0/CMake/3.11.4/bin/cmake -E cmake_link_script CMakeFiles/cmTC_d5fec.dir/link.txt --verbose=1
/work/irlin355_1/gratienj/local/eb_new/centos_7/software/Core/GCCcore/7.3.0/bin/c++     -fsigned-char -W -Wall -Werror=return-type -Werror=non-virtual-dtor -Werror=address -Werror=sequence-point -Wformat -Werror=format-security -Wmissing-declarations -Wundef -Winit-self -Wpointer-arith -Wshadow -Wsign-promo -Wuninitialized -Winit-self -Wno-delete-non-virtual-dtor -Wno-comment -Wimplicit-fallthrough=3 -Wno-strict-overflow -fdiagnostics-show-option -Wno-long-long -pthread -fomit-frame-pointer -ffunction-sections -fdata-sections  -msse -msse2 -msse3 -fvisibility=hidden -fvisibility-inlines-hidden -Wno-unused-function -Wno-deprecated-declarations -Wno-overloaded-virtual  -O3 -DNDEBUG    -Wl,--gc-sections  -rdynamic CMakeFiles/cmTC_d5fec.dir/src.cxx.o  -o cmTC_d5fec 
gmake[1]: Leaving directory `/work/irlin355_1/gratienj/ParallelProgrammingCourse/ParallelProgrammingTP/contrib/opencv-3.4.7/build/CMakeFiles/CMakeTmp'

===== END =====

